2008-01-19 16:11:53 paged_title() [Writing | Academic Productivity] [ - Part 2]
2008-01-19 17:00:56 paged_title() [academic productivity] [ - Part 2]
2008-01-19 17:27:38 paged_title() [academic productivity] [ - Part 2]
2008-01-19 17:27:42 paged_title() [academic productivity] [ - Part 2]
2008-01-19 18:13:32 paged_title() [academic productivity] [ - Part 2]
2008-01-19 18:15:48 paged_title() [academic productivity] [ - Part 3]
2008-01-19 18:18:05 paged_title() [academic productivity] [ - Part 2]
2008-01-19 18:18:46 paged_title() [academic productivity] [ - Part 4]
2008-01-19 18:20:55 paged_title() [academic productivity] [ - Part 5]
2008-01-19 18:21:36 paged_title() [academic productivity] [ - Part 4]
2008-01-19 19:23:11 paged_title() [academic productivity] [ - Part 2]
2008-01-19 19:52:03 paged_title() [academic productivity] [ - Part 2]
2008-01-19 19:52:45 paged_title() [academic productivity] [ - Part 2]
2008-01-19 22:18:18 paged_title() [Software | Academic Productivity] [ - Part 2]
2008-01-20 00:19:58 paged_title() [academic productivity] [ - Part 2]
2008-01-20 04:59:13 paged_title() [academic productivity] [ - Part 5]
2008-01-20 07:13:41 paged_title() [academic productivity] [ - Part 2]
2008-01-20 07:14:13 paged_title() [jose | Academic Productivity] [ - Part 2]
2008-01-20 07:14:45 paged_title() [academic productivity] [ - Part 3]
2008-01-20 07:14:46 paged_title() [Writing | Academic Productivity] [ - Part 2]
2008-01-20 07:15:36 paged_title() [jose | Academic Productivity] [ - Part 3]
2008-01-20 07:16:06 paged_title() [academic productivity] [ - Part 4]
2008-01-20 07:17:11 paged_title() [jose | Academic Productivity] [ - Part 4]
2008-01-20 07:17:42 paged_title() [academic productivity] [ - Part 5]
2008-01-20 07:18:53 paged_title() [Software | Academic Productivity] [ - Part 2]
2008-01-20 07:20:30 paged_title() [Time Management | Academic Productivity] [ - Part 2]
2008-01-20 07:20:32 paged_title() [academic productivity] [ - Part 2]
2008-01-20 07:20:44 paged_title() [academic productivity] [ - Part 2]
2008-01-20 08:27:50 paged_title() [academic productivity] [ - Part 2]
2008-01-20 09:13:35 paged_title() [academic productivity] [ - Part 2]
2008-01-20 09:19:29 paged_title() [academic productivity] [ - Part 3]
2008-01-20 10:35:30 paged_title() [academic productivity] [ - Part 2]
2008-01-20 11:34:09 paged_title() [academic productivity] [ - Part 2]
2008-01-20 11:34:09 paged_title() [academic productivity] [ - Part 2]
2008-01-20 11:34:20 paged_title() [academic productivity] [ - Part 2]
2008-01-20 11:54:54 paged_title() [academic productivity] [ - Part 2]
2008-01-20 13:09:17 paged_title() [Writing | Academic Productivity] [ - Part 2]
2008-01-20 13:22:11 paged_title() [Time Management | Academic Productivity] [ - Part 2]
2008-01-20 14:39:42 paged_title() [academic productivity] [ - Part 2]
2008-01-20 14:56:14 paged_title() [academic productivity] [ - Part 2]
2008-01-20 15:00:01 paged_title() [academic productivity] [ - Part 3]
2008-01-20 15:03:33 paged_title() [academic productivity] [ - Part 4]
2008-01-20 15:05:58 paged_title() [academic productivity] [ - Part 5]
2008-01-20 18:14:54 paged_title() [academic productivity] [ - Part 2]
2008-01-21 03:03:50 paged_title() [Writing | Academic Productivity] [ - Part 2]
2008-01-21 03:42:34 paged_title() [academic productivity] [ - Part 2]
2008-01-21 04:23:45 paged_title() [academic productivity] [ - Part 2]
2008-01-21 08:37:16 paged_title() [academic productivity] [ - Part 2]
2008-01-21 10:54:46 paged_title() [2007 | Academic Productivity] [ - Part 2]
2008-01-21 11:54:19 paged_title() [academic productivity] [ - Part 2]
2008-01-21 11:56:19 paged_title() [academic productivity] [ - Part 3]
2008-01-21 12:04:47 paged_title() [academic productivity] [ - Part 2]
2008-01-21 12:24:06 paged_title() [academic productivity] [ - Part 2]
2008-01-21 12:26:47 paged_title() [academic productivity] [ - Part 2]
2008-01-21 12:37:58 paged_title() [academic productivity] [ - Part 3]
2008-01-21 12:40:42 paged_title() [academic productivity] [ - Part 2]
2008-01-21 12:40:47 paged_title() [academic productivity] [ - Part 2]
2008-01-21 12:48:55 paged_title() [academic productivity] [ - Part 3]
2008-01-21 13:16:50 paged_title() [academic productivity] [ - Part 2]
2008-01-21 13:54:08 paged_title() [academic productivity] [ - Part 4]
2008-01-21 13:55:43 paged_title() [academic productivity] [ - Part 4]
2008-01-21 16:52:26 paged_title() [academic productivity] [ - Part 2]
2008-01-21 19:12:32 paged_title() [academic productivity] [ - Part 2]
2008-01-21 19:13:42 paged_title() [academic productivity] [ - Part 3]
2008-01-21 19:15:13 paged_title() [academic productivity] [ - Part 4]
2008-01-21 19:22:03 paged_title() [academic productivity] [ - Part 2]
2008-01-21 19:24:49 paged_title() [academic productivity] [ - Part 3]
2008-01-21 20:19:33 paged_title() [academic productivity] [ - Part 3]
2008-01-21 20:20:57 paged_title() [academic productivity] [ - Part 3]
2008-01-21 20:51:55 paged_title() [academic productivity] [ - Part 2]
2008-01-21 20:52:00 paged_title() [academic productivity] [ - Part 2]
2008-01-21 21:14:31 paged_title() [academic productivity] [ - Part 3]
2008-01-21 21:14:54 paged_title() [Software | Academic Productivity] [ - Part 2]
2008-01-21 21:22:26 paged_title() [academic productivity] [ - Part 2]
2008-01-21 21:40:25 paged_title() [Time Management | Academic Productivity] [ - Part 2]
2008-01-21 23:31:27 paged_title() [Time Management | Academic Productivity] [ - Part 2]
2008-01-22 00:52:16 paged_title() [academic productivity] [ - Part 2]
2008-01-22 01:14:49 paged_title() [academic productivity] [ - Part 3]
2008-01-22 01:15:20 paged_title() [academic productivity] [ - Part 3]
2008-01-22 01:19:22 paged_title() [academic productivity] [ - Part 4]
2008-01-22 01:51:31 paged_title() [academic productivity] [ - Part 2]
2008-01-22 04:48:46 paged_title() [Time Management | Academic Productivity] [ - Part 2]
2008-01-22 06:25:23 paged_title() [academic productivity] [ - Part 2]
2008-01-22 10:24:06 paged_title() [academic productivity] [ - Part 2]
2008-01-22 11:36:22 paged_title() [academic productivity] [ - Part 2]
2008-01-22 13:04:08 paged_title() [jose | Academic Productivity] [ - Part 3]
2008-01-22 16:12:15 paged_title() [academic productivity] [ - Part 2]
2008-01-22 16:52:43 paged_title() [jose | Academic Productivity] [ - Part 2]
2008-01-22 17:03:59 paged_title() [Writing | Academic Productivity] [ - Part 2]
2008-01-22 17:35:40 paged_title() [academic productivity] [ - Part 2]
2008-01-22 19:59:05 paged_title() [academic productivity] [ - Part 2]
2008-01-22 20:41:12 paged_title() [academic productivity] [ - Part 2]
2008-01-22 21:20:12 paged_title() [Time Management | Academic Productivity] [ - Part 2]
2008-01-22 21:41:54 paged_title() [academic productivity] [ - Part 3]
2008-01-22 22:44:48 paged_title() [jose | Academic Productivity] [ - Part 2]
2008-01-22 23:06:35 paged_title() [Software | Academic Productivity] [ - Part 2]
2008-01-22 23:08:12 paged_title() [Time Management | Academic Productivity] [ - Part 2]
2008-01-22 23:41:10 paged_title() [Writing | Academic Productivity] [ - Part 2]
2008-01-23 04:05:11 paged_title() [academic productivity] [ - Part 2]
2008-01-23 04:09:32 paged_title() [academic productivity] [ - Part 2]
2008-01-23 04:09:33 paged_title() [academic productivity] [ - Part 2]
2008-01-23 04:17:45 paged_title() [academic productivity] [ - Part 2]
2008-01-23 04:17:50 paged_title() [academic productivity] [ - Part 2]
2008-01-23 04:37:47 paged_title() [academic productivity] [ - Part 2]
2008-01-23 06:25:05 paged_title() [academic productivity] [ - Part 2]
2008-01-23 06:43:03 paged_title() [academic productivity] [ - Part 2]
2008-01-23 07:20:31 paged_title() [academic productivity] [ - Part 2]
2008-01-23 07:38:00 paged_title() [academic productivity] [ - Part 2]
2008-01-23 08:00:40 paged_title() [academic productivity] [ - Part 3]
2008-01-23 08:04:23 paged_title() [academic productivity] [ - Part 4]
2008-01-23 08:04:23 paged_title() [academic productivity] [ - Part 4]
2008-01-23 08:09:10 paged_title() [academic productivity] [ - Part 5]
2008-01-23 08:55:24 paged_title() [academic productivity] [ - Part 2]
2008-01-23 10:14:10 paged_title() [academic productivity] [ - Part 2]
2008-01-23 10:14:11 paged_title() [academic productivity] [ - Part 2]
2008-01-23 10:27:36 paged_title() [academic productivity] [ - Part 2]
2008-01-23 11:37:33 paged_title() [academic productivity] [ - Part 2]
2008-01-23 11:47:11 paged_title() [academic productivity] [ - Part 3]
2008-01-23 12:09:34 paged_title() [academic productivity] [ - Part 2]
2008-01-23 12:09:41 paged_title() [academic productivity] [ - Part 2]
2008-01-23 12:30:59 paged_title() [academic productivity] [ - Part 2]
2008-01-23 12:31:39 paged_title() [academic productivity] [ - Part 2]
2008-01-23 12:47:53 paged_title() [Software | Academic Productivity] [ - Part 2]
2008-01-23 12:51:02 paged_title() [Writing | Academic Productivity] [ - Part 2]
2008-01-23 13:28:26 paged_title() [academic productivity] [ - Part 2]
2008-01-23 13:30:51 paged_title() [academic productivity] [ - Part 2]
2008-01-23 13:35:26 paged_title() [academic productivity] [ - Part 3]
2008-01-23 14:46:29 paged_title() [academic productivity] [ - Part 2]
2008-01-23 15:38:41 paged_title() [academic productivity] [ - Part 2]
2008-01-23 15:45:46 paged_title() [academic productivity] [ - Part 2]
2008-01-23 16:56:45 paged_title() [academic productivity] [ - Part 2]
2008-01-23 17:30:55 paged_title() [academic productivity] [ - Part 2]
2008-01-23 17:36:01 paged_title() [academic productivity] [ - Part 3]
2008-01-23 20:49:40 paged_title() [academic productivity] [ - Part 2]
2008-01-23 22:16:46 paged_title() [academic productivity] [ - Part 2]
2008-01-23 22:21:13 paged_title() [Software | Academic Productivity] [ - Part 2]
2008-01-24 00:18:02 paged_title() [academic productivity] [ - Part 2]
2008-01-24 00:27:47 paged_title() [Time Management | Academic Productivity] [ - Part 2]
2008-01-24 00:55:44 paged_title() [academic productivity] [ - Part 2]
2008-01-24 03:15:06 paged_title() [academic productivity] [ - Part 2]
2008-01-24 03:28:15 paged_title() [academic productivity] [ - Part 2]
2008-01-24 03:34:52 paged_title() [Time Management | Academic Productivity] [ - Part 2]
2008-01-24 03:35:28 paged_title() [academic productivity] [ - Part 2]
2008-01-24 03:58:04 paged_title() [academic productivity] [ - Part 2]
2008-01-24 04:53:32 paged_title() [Time Management | Academic Productivity] [ - Part 2]
2008-01-24 05:05:30 paged_title() [Writing | Academic Productivity] [ - Part 2]
2008-01-24 06:10:48 paged_title() [jose | Academic Productivity] [ - Part 2]
2008-01-24 06:26:04 paged_title() [Writing | Academic Productivity] [ - Part 2]
2008-01-24 07:53:35 paged_title() [academic productivity] [ - Part 2]
2008-01-24 07:59:00 paged_title() [Software | Academic Productivity] [ - Part 2]
2008-01-24 10:31:19 paged_title() [academic productivity] [ - Part 2]
2008-01-24 11:02:41 paged_title() [academic productivity] [ - Part 2]
2008-01-24 11:56:51 paged_title() [academic productivity] [ - Part 2]
2008-01-24 14:50:24 paged_title() [academic productivity] [ - Part 2]
2008-01-24 14:55:28 paged_title() [academic productivity] [ - Part 2]
2008-01-24 18:10:09 paged_title() [academic productivity] [ - Part 2]
2008-01-24 21:09:25 paged_title() [jose | Academic Productivity] [ - Part 2]
2008-01-24 21:41:10 paged_title() [Software | Academic Productivity] [ - Part 2]
2008-01-24 21:41:42 paged_title() [Time Management | Academic Productivity] [ - Part 2]
2008-01-24 22:17:54 paged_title() [Writing | Academic Productivity] [ - Part 2]
2008-01-24 23:34:44 paged_title() [academic productivity] [ - Part 2]
2008-01-25 03:02:29 paged_title() [academic productivity] [ - Part 2]
2008-01-25 03:34:58 paged_title() [academic productivity] [ - Part 3]
2008-01-25 04:32:45 paged_title() [jose | Academic Productivity] [ - Part 4]
2008-01-25 04:50:25 paged_title() [Software | Academic Productivity] [ - Part 2]
2008-01-25 07:37:02 paged_title() [Writing | Academic Productivity] [ - Part 2]
2008-01-25 11:37:07 paged_title() [Time Management | Academic Productivity] [ - Part 2]
2008-01-25 12:50:31 paged_title() [academic productivity] [ - Part 2]
2008-01-25 12:50:37 paged_title() [academic productivity] [ - Part 2]
2008-01-25 12:56:32 paged_title() [jose | Academic Productivity] [ - Part 2]
2008-01-25 13:46:37 paged_title() [academic productivity] [ - Part 2]
2008-01-25 13:46:39 paged_title() [academic productivity] [ - Part 2]
2008-01-25 14:27:11 paged_title() [academic productivity] [ - Part 2]
2008-01-25 23:44:41 paged_title() [academic productivity] [ - Part 2]
2008-01-26 01:04:45 paged_title() [jose | Academic Productivity] [ - Part 3]
2008-01-26 01:38:20 paged_title() [academic productivity] [ - Part 2]
2008-01-26 01:40:55 paged_title() [academic productivity] [ - Part 3]
2008-01-26 01:47:19 paged_title() [academic productivity] [ - Part 2]
2008-01-26 02:36:09 paged_title() [academic productivity] [ - Part 2]
2008-01-26 07:26:42 paged_title() [academic productivity] [ - Part 2]
2008-01-26 08:10:06 paged_title() [academic productivity] [ - Part 2]
2008-01-26 08:27:22 paged_title() [academic productivity] [ - Part 2]
2008-01-26 09:22:20 paged_title() [academic productivity] [ - Part 2]
2008-01-26 09:28:22 paged_title() [academic productivity] [ - Part 2]
2008-01-26 12:34:40 paged_title() [jose | Academic Productivity] [ - Part 3]
2008-01-26 13:36:19 paged_title() [academic productivity] [ - Part 2]
2008-01-26 14:01:06 paged_title() [academic productivity] [ - Part 2]
2008-01-26 14:11:35 paged_title() [academic productivity] [ - Part 2]
2008-01-26 15:26:18 paged_title() [Software | Academic Productivity] [ - Part 2]
2008-01-26 16:41:53 paged_title() [academic productivity] [ - Part 2]
2008-01-26 17:05:00 paged_title() [academic productivity] [ - Part 2]
2008-01-26 17:05:23 paged_title() [academic productivity] [ - Part 2]
2008-01-26 17:05:26 paged_title() [academic productivity] [ - Part 3]
2008-01-26 17:07:41 paged_title() [academic productivity] [ - Part 3]
2008-01-26 17:07:45 paged_title() [academic productivity] [ - Part 4]
2008-01-26 17:08:00 paged_title() [academic productivity] [ - Part 4]
2008-01-26 17:58:59 paged_title() [Time Management | Academic Productivity] [ - Part 2]
2008-01-26 18:21:18 paged_title() [academic productivity] [ - Part 2]
2008-01-26 19:26:00 paged_title() [academic productivity] [ - Part 2]
2008-01-26 21:25:40 paged_title() [academic productivity] [ - Part 2]
2008-01-26 23:51:06 paged_title() [academic productivity] [ - Part 2]
2008-01-27 03:04:29 paged_title() [academic productivity] [ - Part 2]
2008-01-27 05:17:05 paged_title() [academic productivity] [ - Part 2]
2008-01-27 06:20:05 paged_title() [academic productivity] [ - Part 3]
2008-01-27 10:35:30 paged_title() [academic productivity] [ - Part 2]
2008-01-27 10:35:33 paged_title() [academic productivity] [ - Part 2]
2008-01-27 10:40:28 paged_title() [Software | Academic Productivity] [ - Part 2]
2008-01-27 11:25:44 paged_title() [academic productivity] [ - Part 3]
2008-01-27 12:54:16 paged_title() [academic productivity] [ - Part 2]
2008-01-27 13:14:43 paged_title() [academic productivity] [ - Part 2]
2008-01-27 13:17:10 paged_title() [academic productivity] [ - Part 3]
2008-01-27 13:51:15 paged_title() [academic productivity] [ - Part 3]
2008-01-27 13:52:59 paged_title() [academic productivity] [ - Part 4]
2008-01-27 14:02:53 paged_title() [academic productivity] [ - Part 5]
2008-01-27 14:54:21 paged_title() [academic productivity] [ - Part 2]
2008-01-27 17:41:59 paged_title() [academic productivity] [ - Part 2]
2008-01-27 18:13:02 paged_title() [academic productivity] [ - Part 2]
2008-01-27 18:13:22 paged_title() [academic productivity] [ - Part 3]
2008-01-27 18:51:11 paged_title() [academic productivity] [ - Part 4]
2008-01-27 18:51:19 paged_title() [academic productivity] [ - Part 5]
2008-01-27 20:31:10 paged_title() [2006 | Academic Productivity] [ - Part 2]
2008-01-28 00:48:58 paged_title() [jose | Academic Productivity] [ - Part 4]
2008-01-28 02:03:27 paged_title() [academic productivity] [ - Part 2]
2008-01-28 02:05:03 paged_title() [academic productivity] [ - Part 3]
2008-01-28 02:34:57 paged_title() [jose | Academic Productivity] [ - Part 2]
2008-01-28 03:05:47 paged_title() [Writing | Academic Productivity] [ - Part 2]
2008-01-28 03:27:35 paged_title() [academic productivity] [ - Part 3]
2008-01-28 03:27:46 paged_title() [academic productivity] [ - Part 4]
2008-01-28 03:29:09 paged_title() [academic productivity] [ - Part 5]
2008-01-28 06:08:52 paged_title() [academic productivity] [ - Part 2]
2008-01-28 06:09:11 paged_title() [academic productivity] [ - Part 2]
2008-01-28 08:40:18 paged_title() [academic productivity] [ - Part 2]
2008-01-28 08:45:47 paged_title() [academic productivity] [ - Part 3]
2008-01-28 08:49:38 paged_title() [academic productivity] [ - Part 4]
2008-01-28 08:51:38 paged_title() [academic productivity] [ - Part 5]
2008-01-28 10:38:15 paged_title() [academic productivity] [ - Part 2]
2008-01-28 10:38:48 paged_title() [academic productivity] [ - Part 2]
2008-01-28 10:57:24 paged_title() [2007 | Academic Productivity] [ - Part 2]
2008-01-28 12:13:21 paged_title() [academic productivity] [ - Part 2]
2008-01-28 12:13:31 paged_title() [academic productivity] [ - Part 2]
2008-01-28 14:42:07 paged_title() [academic productivity] [ - Part 2]
2008-01-28 14:44:12 paged_title() [academic productivity] [ - Part 2]
2008-01-28 14:44:52 paged_title() [academic productivity] [ - Part 2]
2008-01-28 14:58:11 paged_title() [academic productivity] [ - Part 2]
2008-01-28 16:41:43 paged_title() [academic productivity] [ - Part 2]
2008-01-28 17:20:45 paged_title() [academic productivity] [ - Part 2]
2008-01-28 18:19:37 paged_title() [academic productivity] [ - Part 2]
2008-01-28 18:27:53 paged_title() [academic productivity] [ - Part 3]
2008-01-28 19:55:47 paged_title() [academic productivity] [ - Part 2]
2008-01-28 20:29:20 paged_title() [academic productivity] [ - Part 2]
2008-01-28 21:38:10 paged_title() [academic productivity] [ - Part 2]
2008-01-28 21:50:42 paged_title() [academic productivity] [ - Part 2]
2008-01-28 21:57:59 paged_title() [academic productivity] [ - Part 2]
2008-01-28 22:52:21 paged_title() [academic productivity] [ - Part 3]
2008-01-29 01:07:03 paged_title() [academic productivity] [ - Part 4]
2008-01-29 04:50:27 paged_title() [academic productivity] [ - Part 5]
2008-01-29 04:51:11 paged_title() [Time Management | Academic Productivity] [ - Part 2]
2008-01-29 08:25:31 paged_title() [academic productivity] [ - Part 2]
2008-01-29 08:26:31 paged_title() [academic productivity] [ - Part 2]
2008-01-29 08:26:59 paged_title() [academic productivity] [ - Part 2]
2008-01-29 08:28:10 paged_title() [academic productivity] [ - Part 2]
2008-01-29 12:39:29 paged_title() [academic productivity] [ - Part 2]
2008-01-29 13:29:25 paged_title() [academic productivity] [ - Part 2]
2008-01-29 14:02:25 paged_title() [academic productivity] [ - Part 2]
2008-01-29 14:07:08 paged_title() [academic productivity] [ - Part 2]
2008-01-29 14:30:47 paged_title() [academic productivity] [ - Part 2]
2008-01-29 14:33:59 paged_title() [Writing | Academic Productivity] [ - Part 2]
2008-01-29 15:04:03 paged_title() [academic productivity] [ - Part 2]
2008-01-29 15:48:52 paged_title() [academic productivity] [ - Part 2]
2008-01-29 15:48:54 paged_title() [academic productivity] [ - Part 2]
2008-01-29 15:48:56 paged_title() [academic productivity] [ - Part 2]
2008-01-29 15:49:02 paged_title() [academic productivity] [ - Part 2]
2008-01-29 17:53:57 paged_title() [academic productivity] [ - Part 2]
2008-01-29 18:03:14 paged_title() [Time Management | Academic Productivity] [ - Part 2]
2008-01-30 02:22:55 paged_title() [jose | Academic Productivity] [ - Part 2]
2008-01-30 02:27:40 paged_title() [academic productivity] [ - Part 2]
2008-01-30 06:45:52 paged_title() [jose | Academic Productivity] [ - Part 3]
2008-01-30 10:58:38 paged_title() [jose | Academic Productivity] [ - Part 4]
2008-01-30 11:26:43 paged_title() [academic productivity] [ - Part 2]
2008-01-30 11:26:51 paged_title() [academic productivity] [ - Part 2]
2008-01-30 11:34:08 paged_title() [academic productivity] [ - Part 2]
2008-01-30 11:42:55 paged_title() [academic productivity] [ - Part 3]
2008-01-30 11:46:31 paged_title() [academic productivity] [ - Part 2]
2008-01-30 11:57:28 paged_title() [academic productivity] [ - Part 2]
2008-01-30 12:00:13 paged_title() [Software | Academic Productivity] [ - Part 2]
2008-01-30 13:44:24 paged_title() [academic productivity] [ - Part 2]
2008-01-30 15:53:41 paged_title() [academic productivity] [ - Part 2]
2008-01-30 15:56:03 paged_title() [academic productivity] [ - Part 2]
2008-01-30 16:16:24 paged_title() [academic productivity] [ - Part 3]
2008-01-30 16:29:21 paged_title() [jose | Academic Productivity] [ - Part 2]
2008-01-30 17:03:42 paged_title() [academic productivity] [ - Part 2]
2008-01-30 17:47:55 paged_title() [academic productivity] [ - Part 3]
2008-01-30 18:33:33 paged_title() [academic productivity] [ - Part 2]
2008-01-30 21:09:24 paged_title() [academic productivity] [ - Part 2]
2008-01-30 21:40:35 paged_title() [academic productivity] [ - Part 2]
2008-01-31 01:21:00 paged_title() [academic productivity] [ - Part 2]
2008-01-31 04:02:08 paged_title() [Writing | Academic Productivity] [ - Part 2]
2008-01-31 04:24:36 paged_title() [jose | Academic Productivity] [ - Part 3]
2008-01-31 07:35:05 paged_title() [academic productivity] [ - Part 2]
2008-01-31 08:36:50 paged_title() [academic productivity] [ - Part 2]
2008-01-31 08:36:57 paged_title() [academic productivity] [ - Part 2]
2008-01-31 09:48:17 paged_title() [academic productivity] [ - Part 2]
2008-01-31 09:48:34 paged_title() [academic productivity] [ - Part 2]
2008-01-31 10:55:58 paged_title() [academic productivity] [ - Part 2]
2008-01-31 11:50:47 paged_title() [academic productivity] [ - Part 2]
2008-01-31 12:09:52 paged_title() [academic productivity] [ - Part 2]
2008-01-31 12:10:43 paged_title() [academic productivity] [ - Part 2]
2008-01-31 13:10:59 paged_title() [Time Management | Academic Productivity] [ - Part 2]
2008-01-31 13:11:00 paged_title() [Time Management | Academic Productivity] [ - Part 2]
2008-01-31 13:16:41 paged_title() [Time Management | Academic Productivity] [ - Part 2]
2008-01-31 13:20:31 paged_title() [Time Management | Academic Productivity] [ - Part 2]
2008-01-31 13:22:38 paged_title() [Time Management | Academic Productivity] [ - Part 2]
2008-01-31 13:23:36 paged_title() [academic productivity] [ - Part 2]
2008-01-31 13:23:47 paged_title() [academic productivity] [ - Part 2]
2008-01-31 15:09:17 paged_title() [academic productivity] [ - Part 2]
2008-01-31 19:01:04 paged_title() [academic productivity] [ - Part 2]
2008-01-31 23:16:13 paged_title() [academic productivity] [ - Part 2]
2008-02-01 02:27:17 paged_title() [academic productivity] [ - Part 2]
2008-02-01 03:10:28 paged_title() [academic productivity] [ - Part 2]
2008-02-01 03:11:00 paged_title() [academic productivity] [ - Part 2]
2008-02-01 06:35:42 paged_title() [academic productivity] [ - Part 2]
2008-02-01 06:36:26 paged_title() [academic productivity] [ - Part 2]
2008-02-01 08:01:28 paged_title() [academic productivity] [ - Part 2]
2008-02-01 08:17:58 paged_title() [academic productivity] [ - Part 2]
2008-02-01 08:38:37 paged_title() [academic productivity] [ - Part 2]
2008-02-01 08:41:56 paged_title() [academic productivity] [ - Part 3]
2008-02-01 09:33:42 paged_title() [academic productivity] [ - Part 2]
2008-02-01 10:26:16 paged_title() [academic productivity] [ - Part 2]
2008-02-01 10:26:56 paged_title() [academic productivity] [ - Part 2]
2008-02-01 11:15:57 paged_title() [academic productivity] [ - Part 2]
2008-02-01 11:20:33 paged_title() [academic productivity] [ - Part 2]
2008-02-01 12:15:17 paged_title() [academic productivity] [ - Part 2]
2008-02-01 12:15:50 paged_title() [academic productivity] [ - Part 2]
2008-02-01 12:58:30 paged_title() [jose | Academic Productivity] [ - Part 2]
2008-02-01 13:27:34 paged_title() [academic productivity] [ - Part 2]
2008-02-01 13:41:54 paged_title() [academic productivity] [ - Part 2]
2008-02-01 13:42:04 paged_title() [academic productivity] [ - Part 2]
2008-02-01 15:42:38 paged_title() [academic productivity] [ - Part 2]
2008-02-01 15:42:57 paged_title() [academic productivity] [ - Part 2]
2008-02-01 17:03:02 paged_title() [academic productivity] [ - Part 2]
2008-02-01 17:03:27 paged_title() [academic productivity] [ - Part 2]
2008-02-01 19:02:03 paged_title() [academic productivity] [ - Part 2]
2008-02-01 20:03:01 paged_title() [academic productivity] [ - Part 2]
2008-02-01 20:09:25 paged_title() [academic productivity] [ - Part 2]
2008-02-01 20:25:07 paged_title() [academic productivity] [ - Part 2]
2008-02-01 20:25:18 paged_title() [academic productivity] [ - Part 2]
2008-02-01 23:16:21 paged_title() [academic productivity] [ - Part 2]
2008-02-02 03:39:27 paged_title() [academic productivity] [ - Part 2]
2008-02-02 03:39:27 paged_title() [academic productivity] [ - Part 2]
2008-02-02 08:20:57 paged_title() [jose | Academic Productivity] [ - Part 2]
2008-02-02 09:04:30 paged_title() [Time Management | Academic Productivity] [ - Part 2]
2008-02-02 09:14:37 paged_title() [Time Management | Academic Productivity] [ - Part 2]
2008-02-02 09:21:53 paged_title() [Software | Academic Productivity] [ - Part 2]
2008-02-02 09:27:37 paged_title() [Writing | Academic Productivity] [ - Part 2]
2008-02-02 09:42:20 paged_title() [academic productivity] [ - Part 2]
2008-02-02 12:58:41 paged_title() [academic productivity] [ - Part 2]
2008-02-02 18:14:18 paged_title() [academic productivity] [ - Part 2]
2008-02-02 18:47:52 paged_title() [academic productivity] [ - Part 2]
2008-02-02 20:33:58 paged_title() [academic productivity] [ - Part 2]
2008-02-02 21:00:56 paged_title() [Time Management | Academic Productivity] [ - Part 2]
2008-02-02 21:12:33 paged_title() [Software | Academic Productivity] [ - Part 2]
2008-02-03 03:13:55 paged_title() [academic productivity] [ - Part 2]
2008-02-03 04:10:28 paged_title() [jose | Academic Productivity] [ - Part 3]
2008-02-03 07:33:58 paged_title() [academic productivity] [ - Part 2]
2008-02-03 07:34:12 paged_title() [academic productivity] [ - Part 2]
2008-02-03 09:22:08 paged_title() [academic productivity] [ - Part 2]
2008-02-03 10:20:53 paged_title() [academic productivity] [ - Part 3]
2008-02-03 10:32:48 paged_title() [Software | Academic Productivity] [ - Part 2]
2008-02-03 12:21:59 paged_title() [Writing | Academic Productivity] [ - Part 2]
2008-02-03 13:07:03 paged_title() [academic productivity] [ - Part 2]
2008-02-03 15:11:04 paged_title() [Writing | Academic Productivity] [ - Part 2]
2008-02-03 18:08:32 paged_title() [academic productivity] [ - Part 2]
2008-02-03 18:09:25 paged_title() [academic productivity] [ - Part 5]
2008-02-03 23:03:41 paged_title() [academic productivity] [ - Part 2]
2008-02-03 23:10:48 paged_title() [academic productivity] [ - Part 2]
2008-02-04 00:05:41 paged_title() [jose | Academic Productivity] [ - Part 4]
2008-02-04 00:27:25 paged_title() [academic productivity] [ - Part 2]
2008-02-04 00:27:39 paged_title() [academic productivity] [ - Part 2]
2008-02-04 01:47:24 paged_title() [2006 | Academic Productivity] [ - Part 2]
2008-02-04 03:10:18 paged_title() [Writing | Academic Productivity] [ - Part 2]
2008-02-04 04:05:03 paged_title() [academic productivity] [ - Part 3]
2008-02-04 05:50:34 paged_title() [jose | Academic Productivity] [ - Part 2]
2008-02-04 08:43:22 paged_title() [academic productivity] [ - Part 2]
2008-02-04 10:18:39 paged_title() [academic productivity] [ - Part 2]
2008-02-04 10:39:36 paged_title() [academic productivity] [ - Part 2]
2008-02-04 11:57:50 paged_title() [2007 | Academic Productivity] [ - Part 2]
2008-02-04 12:50:37 paged_title() [academic productivity] [ - Part 2]
2008-02-04 13:17:15 paged_title() [academic productivity] [ - Part 2]
2008-02-04 13:17:19 paged_title() [academic productivity] [ - Part 2]
2008-02-04 13:40:00 paged_title() [academic productivity] [ - Part 2]
2008-02-04 14:07:54 paged_title() [academic productivity] [ - Part 2]
2008-02-04 16:27:12 paged_title() [academic productivity] [ - Part 5]
2008-02-04 18:27:31 paged_title() [academic productivity] [ - Part 2]
2008-02-04 18:34:26 paged_title() [academic productivity] [ - Part 4]
2008-02-04 20:32:15 paged_title() [academic productivity] [ - Part 2]
2008-02-04 20:34:57 paged_title() [academic productivity] [ - Part 4]
2008-02-04 20:44:20 paged_title() [academic productivity] [ - Part 4]
2008-02-04 20:45:29 paged_title() [academic productivity] [ - Part 4]
2008-02-04 20:45:35 paged_title() [academic productivity] [ - Part 2]
2008-02-04 20:48:34 paged_title() [academic productivity] [ - Part 3]
2008-02-04 20:54:43 paged_title() [academic productivity] [ - Part 3]
2008-02-04 21:08:56 paged_title() [academic productivity] [ - Part 3]
2008-02-04 21:26:27 paged_title() [academic productivity] [ - Part 2]
2008-02-04 22:06:42 paged_title() [academic productivity] [ - Part 2]
2008-02-04 23:54:42 paged_title() [academic productivity] [ - Part 2]
2008-02-05 00:21:12 paged_title() [academic productivity] [ - Part 2]
2008-02-05 00:24:45 paged_title() [academic productivity] [ - Part 3]
2008-02-05 04:53:11 paged_title() [Time Management | Academic Productivity] [ - Part 2]
2008-02-05 07:07:02 paged_title() [academic productivity] [ - Part 2]
2008-02-05 07:27:09 paged_title() [academic productivity] [ - Part 2]
2008-02-05 07:27:22 paged_title() [academic productivity] [ - Part 2]
2008-02-05 07:46:11 paged_title() [academic productivity] [ - Part 2]
2008-02-05 09:27:28 paged_title() [academic productivity] [ - Part 2]
2008-02-05 10:42:06 paged_title() [academic productivity] [ - Part 2]
2008-02-05 12:30:15 paged_title() [academic productivity] [ - Part 2]
2008-02-05 12:30:40 paged_title() [academic productivity] [ - Part 2]
2008-02-05 12:31:32 paged_title() [academic productivity] [ - Part 2]
2008-02-05 12:33:25 paged_title() [2007 | Academic Productivity] [ - Part 3]
2008-02-05 13:07:55 paged_title() [academic productivity] [ - Part 2]
2008-02-05 13:08:03 paged_title() [academic productivity] [ - Part 2]
2008-02-05 13:54:28 paged_title() [Writing | Academic Productivity] [ - Part 2]
2008-02-05 14:08:40 paged_title() [academic productivity] [ - Part 3]
2008-02-05 14:13:01 paged_title() [academic productivity] [ - Part 2]
2008-02-05 15:43:06 paged_title() [Software | Academic Productivity] [ - Part 2]
2008-02-05 16:49:27 paged_title() [academic productivity] [ - Part 2]
2008-02-05 17:07:02 paged_title() [academic productivity] [ - Part 2]
2008-02-05 17:25:00 paged_title() [academic productivity] [ - Part 2]
2008-02-05 17:25:21 paged_title() [academic productivity] [ - Part 2]
2008-02-05 17:39:03 paged_title() [Writing | Academic Productivity] [ - Part 2]
2008-02-05 17:41:52 paged_title() [academic productivity] [ - Part 3]
2008-02-05 18:48:57 paged_title() [academic productivity] [ - Part 4]
2008-02-05 21:10:42 paged_title() [academic productivity] [ - Part 4]
2008-02-05 21:10:50 paged_title() [academic productivity] [ - Part 3]
2008-02-05 21:11:12 paged_title() [academic productivity] [ - Part 2]
2008-02-05 21:12:57 paged_title() [academic productivity] [ - Part 2]
2008-02-05 21:13:09 paged_title() [academic productivity] [ - Part 3]
2008-02-05 21:36:28 paged_title() [Time Management | Academic Productivity] [ - Part 2]
2008-02-05 22:16:19 paged_title() [jose | Academic Productivity] [ - Part 2]
2008-02-06 01:03:03 paged_title() [academic productivity] [ - Part 2]
2008-02-06 01:03:28 paged_title() [academic productivity] [ - Part 2]
2008-02-06 04:07:46 paged_title() [academic productivity] [ - Part 2]
2008-02-06 05:07:16 paged_title() [academic productivity] [ - Part 2]
2008-02-06 05:42:54 paged_title() [academic productivity] [ - Part 2]
2008-02-06 05:42:59 paged_title() [academic productivity] [ - Part 2]
2008-02-06 06:30:08 paged_title() [academic productivity] [ - Part 4]
2008-02-06 06:34:45 paged_title() [jose | Academic Productivity] [ - Part 2]
2008-02-06 06:43:35 paged_title() [academic productivity] [ - Part 2]
2008-02-06 07:15:33 paged_title() [academic productivity] [ - Part 5]
2008-02-06 07:24:54 paged_title() [academic productivity] [ - Part 5]
2008-02-06 08:35:11 paged_title() [academic productivity] [ - Part 2]
2008-02-06 08:39:44 paged_title() [jose | Academic Productivity] [ - Part 2]
2008-02-06 08:43:29 paged_title() [Writing | Academic Productivity] [ - Part 2]
2008-02-06 08:43:44 paged_title() [academic productivity] [ - Part 3]
2008-02-06 08:49:33 paged_title() [jose | Academic Productivity] [ - Part 3]
2008-02-06 08:52:30 paged_title() [academic productivity] [ - Part 4]
2008-02-06 09:09:51 paged_title() [Time Management | Academic Productivity] [ - Part 2]
2008-02-06 09:25:42 paged_title() [academic productivity] [ - Part 2]
2008-02-06 09:27:34 paged_title() [academic productivity] [ - Part 2]
2008-02-06 09:36:22 paged_title() [academic productivity] [ - Part 2]
2008-02-06 09:40:02 paged_title() [academic productivity] [ - Part 2]
2008-02-06 09:41:41 paged_title() [academic productivity] [ - Part 2]
2008-02-06 09:45:56 paged_title() [academic productivity] [ - Part 2]
2008-02-06 09:46:44 paged_title() [academic productivity] [ - Part 2]
2008-02-06 10:00:30 paged_title() [academic productivity] [ - Part 2]
2008-02-06 11:08:27 paged_title() [academic productivity] [ - Part 2]
2008-02-06 11:08:39 paged_title() [academic productivity] [ - Part 2]
2008-02-06 12:39:01 paged_title() [academic productivity] [ - Part 2]
2008-02-06 12:39:21 paged_title() [academic productivity] [ - Part 2]
2008-02-06 14:29:14 paged_title() [academic productivity] [ - Part 2]
2008-02-06 14:29:35 paged_title() [academic productivity] [ - Part 2]
2008-02-06 15:35:19 paged_title() [academic productivity] [ - Part 2]
2008-02-06 18:31:12 paged_title() [academic productivity] [ - Part 2]
2008-02-06 18:52:30 paged_title() [Software | Academic Productivity] [ - Part 2]
2008-02-06 18:53:19 paged_title() [academic productivity] [ - Part 2]
2008-02-06 19:46:23 paged_title() [academic productivity] [ - Part 2]
2008-02-06 20:14:41 paged_title() [academic productivity] [ - Part 2]
2008-02-06 21:07:32 paged_title() [academic productivity] [ - Part 2]
2008-02-06 21:12:14 paged_title() [jose | Academic Productivity] [ - Part 2]
2008-02-07 01:37:59 paged_title() [academic productivity] [ - Part 2]
2008-02-07 01:39:57 paged_title() [academic productivity] [ - Part 2]
2008-02-07 01:40:05 paged_title() [academic productivity] [ - Part 2]
2008-02-07 01:57:45 paged_title() [academic productivity] [ - Part 2]
2008-02-07 01:58:08 paged_title() [academic productivity] [ - Part 2]
2008-02-07 01:58:17 paged_title() [academic productivity] [ - Part 2]
2008-02-07 03:47:59 paged_title() [academic productivity] [ - Part 2]
2008-02-07 04:50:19 paged_title() [Time Management | Academic Productivity] [ - Part 2]
2008-02-07 06:11:07 paged_title() [academic productivity] [ - Part 2]
2008-02-07 06:11:14 paged_title() [academic productivity] [ - Part 2]
2008-02-07 06:56:42 paged_title() [academic productivity] [ - Part 2]
2008-02-07 06:56:52 paged_title() [academic productivity] [ - Part 2]
2008-02-07 07:55:51 paged_title() [academic productivity] [ - Part 2]
2008-02-07 07:55:57 paged_title() [academic productivity] [ - Part 2]
2008-02-07 08:57:15 paged_title() [academic productivity] [ - Part 2]
2008-02-07 09:16:48 paged_title() [academic productivity] [ - Part 2]
2008-02-07 09:23:06 paged_title() [jose | Academic Productivity] [ - Part 2]
2008-02-07 11:35:14 paged_title() [academic productivity] [ - Part 2]
2008-02-07 12:03:58 paged_title() [academic productivity] [ - Part 2]
2008-02-07 14:27:48 paged_title() [academic productivity] [ - Part 2]
2008-02-07 19:18:44 paged_title() [jose | Academic Productivity] [ - Part 2]
2008-02-07 19:23:59 paged_title() [Software | Academic Productivity] [ - Part 2]
2008-02-07 23:03:36 paged_title() [academic productivity] [ - Part 2]
2008-02-07 23:18:26 paged_title() [academic productivity] [ - Part 3]
2008-02-08 01:47:42 paged_title() [academic productivity] [ - Part 3]
2008-02-08 05:47:51 paged_title() [academic productivity] [ - Part 2]
2008-02-08 06:21:11 paged_title() [academic productivity] [ - Part 2]
2008-02-08 06:21:16 paged_title() [academic productivity] [ - Part 2]
2008-02-08 10:12:21 paged_title() [academic productivity] [ - Part 2]
2008-02-08 10:42:11 paged_title() [Writing | Academic Productivity] [ - Part 2]
2008-02-08 10:44:58 paged_title() [jose | Academic Productivity] [ - Part 3]
2008-02-08 13:00:56 paged_title() [jose | Academic Productivity] [ - Part 2]
2008-02-08 19:59:10 paged_title() [academic productivity] [ - Part 2]
2008-02-08 23:51:23 paged_title() [Software | Academic Productivity] [ - Part 2]
2008-02-08 23:54:41 paged_title() [Software | Academic Productivity] [ - Part 2]
2008-02-08 23:57:23 paged_title() [Time Management | Academic Productivity] [ - Part 2]
2008-02-09 03:47:42 paged_title() [academic productivity] [ - Part 3]
2008-02-09 06:08:24 paged_title() [academic productivity] [ - Part 2]
2008-02-09 06:45:47 paged_title() [academic productivity] [ - Part 2]
2008-02-09 09:57:06 paged_title() [academic productivity] [ - Part 2]
2008-02-09 09:58:02 paged_title() [academic productivity] [ - Part 2]
2008-02-09 10:34:48 paged_title() [academic productivity] [ - Part 2]
2008-02-09 13:36:23 paged_title() [academic productivity] [ - Part 2]
2008-02-09 13:36:24 paged_title() [academic productivity] [ - Part 2]
2008-02-09 13:36:29 paged_title() [academic productivity] [ - Part 2]
2008-02-09 13:36:34 paged_title() [academic productivity] [ - Part 2]
2008-02-09 13:36:34 paged_title() [academic productivity] [ - Part 2]
2008-02-09 18:19:27 paged_title() [academic productivity] [ - Part 2]
2008-02-09 19:16:53 paged_title() [Time Management | Academic Productivity] [ - Part 2]
2008-02-09 20:23:31 paged_title() [academic productivity] [ - Part 2]
2008-02-09 21:17:29 paged_title() [academic productivity] [ - Part 2]
2008-02-09 21:20:08 paged_title() [academic productivity] [ - Part 3]
2008-02-09 21:21:34 paged_title() [academic productivity] [ - Part 4]
2008-02-09 21:22:21 paged_title() [academic productivity] [ - Part 5]
2008-02-09 22:09:09 paged_title() [Software | Academic Productivity] [ - Part 2]
2008-02-09 22:14:50 paged_title() [Software | Academic Productivity] [ - Part 2]
2008-02-10 02:15:50 paged_title() [academic productivity] [ - Part 2]
2008-02-10 03:39:12 paged_title() [academic productivity] [ - Part 2]
2008-02-10 04:20:58 paged_title() [academic productivity] [ - Part 3]
2008-02-10 06:00:09 paged_title() [academic productivity] [ - Part 2]
2008-02-10 10:37:41 paged_title() [academic productivity] [ - Part 3]
2008-02-10 11:04:33 paged_title() [academic productivity] [ - Part 2]
2008-02-10 11:10:48 paged_title() [academic productivity] [ - Part 3]
2008-02-10 11:22:22 paged_title() [academic productivity] [ - Part 2]
2008-02-10 11:22:47 paged_title() [academic productivity] [ - Part 2]
2008-02-10 13:40:34 paged_title() [academic productivity] [ - Part 2]
2008-02-10 14:18:09 paged_title() [academic productivity] [ - Part 2]
2008-02-10 14:32:03 paged_title() [academic productivity] [ - Part 2]
2008-02-10 14:32:07 paged_title() [academic productivity] [ - Part 2]
2008-02-10 14:56:11 paged_title() [Software | Academic Productivity] [ - Part 2]
2008-02-10 16:45:46 paged_title() [academic productivity] [ - Part 2]
2008-02-10 17:12:50 paged_title() [Time Management | Academic Productivity] [ - Part 2]
2008-02-10 17:18:16 paged_title() [Writing | Academic Productivity] [ - Part 2]
2008-02-11 00:33:02 paged_title() [academic productivity] [ - Part 2]
2008-02-11 02:10:17 paged_title() [academic productivity] [ - Part 2]
2008-02-11 03:15:38 paged_title() [Writing | Academic Productivity] [ - Part 2]
2008-02-11 05:43:53 paged_title() [academic productivity] [ - Part 2]
2008-02-11 11:17:15 paged_title() [academic productivity] [ - Part 2]
2008-02-11 12:28:54 paged_title() [academic productivity] [ - Part 2]
2008-02-11 15:01:23 paged_title() [academic productivity] [ - Part 4]
2008-02-11 19:14:14 paged_title() [academic productivity] [ - Part 2]
2008-02-11 19:18:28 paged_title() [academic productivity] [ - Part 3]
2008-02-11 19:26:11 paged_title() [academic productivity] [ - Part 4]
2008-02-11 19:27:05 paged_title() [academic productivity] [ - Part 5]
2008-02-12 00:53:33 paged_title() [academic productivity] [ - Part 2]
2008-02-12 00:53:43 paged_title() [academic productivity] [ - Part 2]
2008-02-12 01:54:34 paged_title() [academic productivity] [ - Part 2]
2008-02-12 02:37:27 paged_title() [academic productivity] [ - Part 2]
2008-02-12 02:37:39 paged_title() [academic productivity] [ - Part 2]
2008-02-12 04:59:22 paged_title() [academic productivity] [ - Part 2]
2008-02-12 06:35:22 paged_title() [Time Management | Academic Productivity] [ - Part 2]
2008-02-12 07:34:04 paged_title() [academic productivity] [ - Part 2]
2008-02-12 09:20:38 paged_title() [academic productivity] [ - Part 2]
2008-02-12 09:42:53 paged_title() [academic productivity] [ - Part 2]
2008-02-12 09:42:59 paged_title() [academic productivity] [ - Part 2]
2008-02-12 12:49:12 paged_title() [academic productivity] [ - Part 2]
2008-02-12 17:20:26 paged_title() [academic productivity] [ - Part 2]
2008-02-12 17:20:34 paged_title() [academic productivity] [ - Part 2]
2008-02-12 21:05:11 paged_title() [academic productivity] [ - Part 2]
2008-02-12 21:05:18 paged_title() [academic productivity] [ - Part 2]
2008-02-12 22:22:25 paged_title() [academic productivity] [ - Part 2]
2008-02-13 04:25:55 paged_title() [academic productivity] [ - Part 2]
2008-02-13 07:28:50 paged_title() [academic productivity] [ - Part 2]
2008-02-13 07:34:42 paged_title() [Time Management | Academic Productivity] [ - Part 2]
2008-02-13 07:52:28 paged_title() [academic productivity] [ - Part 2]
2008-02-13 07:56:21 paged_title() [academic productivity] [ - Part 3]
2008-02-13 08:01:15 paged_title() [academic productivity] [ - Part 4]
2008-02-13 08:05:39 paged_title() [academic productivity] [ - Part 2]
2008-02-13 08:25:58 paged_title() [academic productivity] [ - Part 2]
2008-02-13 08:26:04 paged_title() [academic productivity] [ - Part 2]
2008-02-13 09:38:13 paged_title() [academic productivity] [ - Part 2]
2008-02-13 09:38:25 paged_title() [academic productivity] [ - Part 2]
2008-02-13 11:14:39 paged_title() [academic productivity] [ - Part 2]
2008-02-13 11:23:57 paged_title() [academic productivity] [ - Part 2]
2008-02-13 11:58:04 paged_title() [academic productivity] [ - Part 2]
2008-02-13 11:58:28 paged_title() [academic productivity] [ - Part 2]
2008-02-13 12:25:37 paged_title() [2007 | Academic Productivity] [ - Part 2]
2008-02-13 12:43:36 paged_title() [Software | Academic Productivity] [ - Part 2]
2008-02-13 16:23:08 paged_title() [Software | Academic Productivity] [ - Part 2]
2008-02-13 18:19:35 paged_title() [academic productivity] [ - Part 2]
2008-02-13 20:33:16 paged_title() [2006 | Academic Productivity] [ - Part 2]
2008-02-13 21:55:44 paged_title() [academic productivity] [ - Part 2]
2008-02-13 21:55:50 paged_title() [academic productivity] [ - Part 2]
2008-02-14 02:08:17 paged_title() [jose | Academic Productivity] [ - Part 2]
2008-02-14 02:23:03 paged_title() [academic productivity] [ - Part 2]
2008-02-14 02:23:06 paged_title() [academic productivity] [ - Part 2]
2008-02-14 02:29:42 paged_title() [Software | Academic Productivity] [ - Part 2]
2008-02-14 03:53:38 paged_title() [academic productivity] [ - Part 2]
2008-02-14 08:14:59 paged_title() [academic productivity] [ - Part 2]
2008-02-14 08:15:11 paged_title() [academic productivity] [ - Part 2]
2008-02-14 09:58:23 paged_title() [academic productivity] [ - Part 2]
2008-02-14 10:03:58 paged_title() [academic productivity] [ - Part 2]
2008-02-14 11:21:15 paged_title() [academic productivity] [ - Part 2]
2008-02-14 11:22:59 paged_title() [academic productivity] [ - Part 2]
2008-02-14 12:19:32 paged_title() [academic productivity] [ - Part 2]
2008-02-14 15:44:15 paged_title() [academic productivity] [ - Part 2]
2008-02-14 18:07:01 paged_title() [academic productivity] [ - Part 2]
2008-02-14 19:22:00 paged_title() [academic productivity] [ - Part 2]
2008-02-14 19:40:48 paged_title() [Writing | Academic Productivity] [ - Part 2]
2008-02-14 19:40:50 paged_title() [academic productivity] [ - Part 3]
2008-02-14 19:42:23 paged_title() [Time Management | Academic Productivity] [ - Part 2]
2008-02-14 20:00:24 paged_title() [academic productivity] [ - Part 4]
2008-02-14 20:06:38 paged_title() [jose | Academic Productivity] [ - Part 3]
2008-02-14 20:40:34 paged_title() [academic productivity] [ - Part 5]
2008-02-14 21:14:31 paged_title() [jose | Academic Productivity] [ - Part 4]
2008-02-14 21:36:32 paged_title() [academic productivity] [ - Part 2]
2008-02-14 22:43:48 paged_title() [academic productivity] [ - Part 2]
2008-02-15 00:30:38 paged_title() [academic productivity] [ - Part 2]
2008-02-15 01:50:52 paged_title() [academic productivity] [ - Part 2]
2008-02-15 04:33:46 paged_title() [academic productivity] [ - Part 2]
2008-02-15 10:47:38 paged_title() [academic productivity] [ - Part 2]
2008-02-15 11:48:51 paged_title() [academic productivity] [ - Part 2]
2008-02-15 12:07:12 paged_title() [academic productivity] [ - Part 2]
2008-02-15 12:07:13 paged_title() [academic productivity] [ - Part 2]
2008-02-15 13:11:31 paged_title() [jose | Academic Productivity] [ - Part 2]
2008-02-15 13:13:16 paged_title() [jose | Academic Productivity] [ - Part 2]
2008-02-15 19:24:50 paged_title() [academic productivity] [ - Part 2]
2008-02-15 20:24:12 paged_title() [academic productivity] [ - Part 2]
2008-02-15 20:50:13 paged_title() [academic productivity] [ - Part 2]
2008-02-16 02:28:05 paged_title() [academic productivity] [ - Part 2]
2008-02-16 04:05:33 paged_title() [academic productivity] [ - Part 5]
2008-02-16 05:42:16 paged_title() [academic productivity] [ - Part 2]
2008-02-16 06:47:48 paged_title() [academic productivity] [ - Part 2]
2008-02-16 10:00:58 paged_title() [academic productivity] [ - Part 2]
2008-02-16 14:15:26 paged_title() [academic productivity] [ - Part 2]
2008-02-16 15:08:40 paged_title() [academic productivity] [ - Part 3]
2008-02-16 15:17:32 paged_title() [academic productivity] [ - Part 4]
2008-02-16 19:05:03 paged_title() [academic productivity] [ - Part 3]
2008-02-16 19:12:52 paged_title() [academic productivity] [ - Part 2]
2008-02-17 02:36:58 paged_title() [jose | Academic Productivity] [ - Part 2]
2008-02-17 02:52:28 paged_title() [jose | Academic Productivity] [ - Part 2]
2008-02-17 03:32:14 paged_title() [academic productivity] [ - Part 2]
2008-02-17 06:59:25 paged_title() [academic productivity] [ - Part 2]
2008-02-17 06:59:42 paged_title() [academic productivity] [ - Part 2]
2008-02-17 09:42:43 paged_title() [academic productivity] [ - Part 2]
2008-02-17 09:42:48 paged_title() [academic productivity] [ - Part 2]
2008-02-17 13:02:58 paged_title() [jose | Academic Productivity] [ - Part 2]
2008-02-17 13:39:02 paged_title() [Writing | Academic Productivity] [ - Part 2]
2008-02-17 13:58:18 paged_title() [Time Management | Academic Productivity] [ - Part 2]
2008-02-17 15:00:35 paged_title() [Software | Academic Productivity] [ - Part 2]
2008-02-17 15:01:47 paged_title() [Software | Academic Productivity] [ - Part 2]
2008-02-17 16:16:20 paged_title() [academic productivity] [ - Part 2]
2008-02-17 17:34:00 paged_title() [academic productivity] [ - Part 2]
2008-02-17 19:36:13 paged_title() [jose | Academic Productivity] [ - Part 4]
2008-02-17 21:02:02 paged_title() [academic productivity] [ - Part 2]
2008-02-17 23:42:53 paged_title() [academic productivity] [ - Part 2]
2008-02-18 04:01:41 paged_title() [academic productivity] [ - Part 2]
2008-02-18 07:03:36 paged_title() [Writing | Academic Productivity] [ - Part 2]
2008-02-18 10:43:33 paged_title() [academic productivity] [ - Part 2]
2008-02-18 11:15:31 paged_title() [Writing | Academic Productivity] [ - Part 2]
2008-02-18 11:19:23 paged_title() [academic productivity] [ - Part 2]
2008-02-18 11:19:27 paged_title() [academic productivity] [ - Part 2]
2008-02-18 13:36:25 paged_title() [academic productivity] [ - Part 2]
2008-02-18 14:38:31 paged_title() [academic productivity] [ - Part 2]
2008-02-18 14:38:39 paged_title() [academic productivity] [ - Part 2]
2008-02-18 15:05:09 paged_title() [academic productivity] [ - Part 2]
2008-02-18 15:07:24 paged_title() [academic productivity] [ - Part 2]
2008-02-18 15:22:12 paged_title() [academic productivity] [ - Part 2]
2008-02-18 15:49:22 paged_title() [academic productivity] [ - Part 2]
2008-02-18 15:49:27 paged_title() [academic productivity] [ - Part 2]
2008-02-18 16:05:40 paged_title() [jose | Academic Productivity] [ - Part 4]
2008-02-18 16:05:57 paged_title() [academic productivity] [ - Part 2]
2008-02-18 17:55:11 paged_title() [academic productivity] [ - Part 2]
2008-02-18 18:04:40 paged_title() [academic productivity] [ - Part 2]
2008-02-18 20:59:04 paged_title() [academic productivity] [ - Part 2]
2008-02-18 21:32:58 paged_title() [Time Management | Academic Productivity] [ - Part 2]
2008-02-18 22:53:17 paged_title() [academic productivity] [ - Part 2]
2008-02-18 23:44:08 paged_title() [academic productivity] [ - Part 2]
2008-02-19 00:59:03 paged_title() [academic productivity] [ - Part 2]
2008-02-19 00:59:06 paged_title() [academic productivity] [ - Part 2]
2008-02-19 02:09:00 paged_title() [academic productivity] [ - Part 2]
2008-02-19 02:45:42 paged_title() [academic productivity] [ - Part 2]
2008-02-19 04:18:23 paged_title() [Time Management | Academic Productivity] [ - Part 2]
2008-02-19 05:01:48 paged_title() [academic productivity] [ - Part 2]
2008-02-19 05:32:42 paged_title() [academic productivity] [ - Part 2]
2008-02-19 05:34:26 paged_title() [academic productivity] [ - Part 3]
2008-02-19 06:13:55 paged_title() [academic productivity] [ - Part 4]
2008-02-19 06:14:09 paged_title() [academic productivity] [ - Part 3]
2008-02-19 06:19:42 paged_title() [academic productivity] [ - Part 4]
2008-02-19 07:26:15 paged_title() [academic productivity] [ - Part 2]
2008-02-19 07:28:09 paged_title() [academic productivity] [ - Part 5]
2008-02-19 08:32:40 paged_title() [Time Management | Academic Productivity] [ - Part 2]
2008-02-19 09:29:07 paged_title() [academic productivity] [ - Part 4]
2008-02-19 12:11:28 paged_title() [academic productivity] [ - Part 2]
2008-02-19 12:11:42 paged_title() [academic productivity] [ - Part 2]
2008-02-19 13:00:28 paged_title() [academic productivity] [ - Part 2]
2008-02-19 13:28:38 paged_title() [academic productivity] [ - Part 3]
2008-02-19 14:01:11 paged_title() [jose | Academic Productivity] [ - Part 2]
2008-02-19 14:17:46 paged_title() [Software | Academic Productivity] [ - Part 2]
2008-02-19 18:00:53 paged_title() [academic productivity] [ - Part 2]
2008-02-19 18:38:48 paged_title() [academic productivity] [ - Part 2]
2008-02-19 18:52:10 paged_title() [academic productivity] [ - Part 2]
2008-02-19 19:01:02 paged_title() [academic productivity] [ - Part 2]
2008-02-19 19:22:34 paged_title() [academic productivity] [ - Part 3]
2008-02-19 21:39:16 paged_title() [academic productivity] [ - Part 2]
2008-02-19 21:39:29 paged_title() [academic productivity] [ - Part 2]
2008-02-19 22:31:51 paged_title() [Writing | Academic Productivity] [ - Part 2]
2008-02-20 03:29:22 paged_title() [jose | Academic Productivity] [ - Part 3]
2008-02-20 04:36:59 paged_title() [academic productivity] [ - Part 2]
2008-02-20 05:26:31 paged_title() [Writing | Academic Productivity] [ - Part 2]
2008-02-20 06:09:29 paged_title() [academic productivity] [ - Part 2]
2008-02-20 07:30:23 paged_title() [jose | Academic Productivity] [ - Part 3]
2008-02-20 10:16:27 paged_title() [academic productivity] [ - Part 2]
2008-02-20 10:16:38 paged_title() [academic productivity] [ - Part 2]
2008-02-20 11:32:13 paged_title() [Time Management | Academic Productivity] [ - Part 2]
2008-02-20 11:34:32 paged_title() [jose | Academic Productivity] [ - Part 2]
2008-02-20 11:44:38 paged_title() [jose | Academic Productivity] [ - Part 2]
2008-02-20 12:09:01 paged_title() [academic productivity] [ - Part 2]
2008-02-20 12:09:35 paged_title() [Writing | Academic Productivity] [ - Part 2]
2008-02-20 13:06:26 paged_title() [Software | Academic Productivity] [ - Part 2]
2008-02-20 13:30:50 paged_title() [academic productivity] [ - Part 2]
2008-02-20 13:42:11 paged_title() [academic productivity] [ - Part 2]
2008-02-20 13:42:23 paged_title() [academic productivity] [ - Part 2]
2008-02-20 13:54:34 paged_title() [academic productivity] [ - Part 5]
2008-02-20 14:17:32 paged_title() [academic productivity] [ - Part 2]
2008-02-20 23:03:49 paged_title() [academic productivity] [ - Part 3]
2008-02-20 23:05:54 paged_title() [academic productivity] [ - Part 4]
2008-02-20 23:10:18 paged_title() [academic productivity] [ - Part 5]
2008-02-21 01:17:36 paged_title() [academic productivity] [ - Part 2]
2008-02-21 02:29:46 paged_title() [academic productivity] [ - Part 2]
2008-02-21 02:30:13 paged_title() [academic productivity] [ - Part 2]
2008-02-21 02:32:46 paged_title() [academic productivity] [ - Part 2]
2008-02-21 03:41:03 paged_title() [academic productivity] [ - Part 2]
2008-02-21 04:24:07 paged_title() [academic productivity] [ - Part 2]
2008-02-21 04:24:18 paged_title() [academic productivity] [ - Part 2]
2008-02-21 04:53:23 paged_title() [academic productivity] [ - Part 2]
2008-02-21 05:50:41 paged_title() [academic productivity] [ - Part 2]
2008-02-21 05:50:41 paged_title() [academic productivity] [ - Part 2]
2008-02-21 06:12:01 paged_title() [academic productivity] [ - Part 2]
2008-02-21 06:12:09 paged_title() [academic productivity] [ - Part 2]
2008-02-21 06:13:37 paged_title() [academic productivity] [ - Part 2]
2008-02-21 09:34:00 paged_title() [academic productivity] [ - Part 2]
2008-02-21 09:41:54 paged_title() [academic productivity] [ - Part 2]
2008-02-21 09:41:55 paged_title() [academic productivity] [ - Part 2]
2008-02-21 10:57:51 paged_title() [academic productivity] [ - Part 2]
2008-02-21 10:58:18 paged_title() [academic productivity] [ - Part 2]
2008-02-21 11:54:23 paged_title() [academic productivity] [ - Part 2]
2008-02-21 11:54:31 paged_title() [academic productivity] [ - Part 2]
2008-02-21 12:21:32 paged_title() [academic productivity] [ - Part 2]
2008-02-21 13:30:38 paged_title() [academic productivity] [ - Part 2]
2008-02-21 13:30:40 paged_title() [academic productivity] [ - Part 2]
2008-02-21 14:16:17 paged_title() [academic productivity] [ - Part 2]
2008-02-21 14:16:53 paged_title() [Time Management | Academic Productivity] [ - Part 2]
2008-02-21 17:13:54 paged_title() [Time Management | Academic Productivity] [ - Part 2]
2008-02-21 20:15:10 paged_title() [academic productivity] [ - Part 2]
2008-02-21 20:16:51 paged_title() [academic productivity] [ - Part 2]
2008-02-21 20:42:38 paged_title() [academic productivity] [ - Part 2]
2008-02-21 20:51:31 paged_title() [academic productivity] [ - Part 2]
2008-02-21 20:51:41 paged_title() [academic productivity] [ - Part 2]
2008-02-22 00:31:54 paged_title() [academic productivity] [ - Part 2]
2008-02-22 03:37:38 paged_title() [academic productivity] [ - Part 2]
2008-02-22 06:28:02 paged_title() [academic productivity] [ - Part 2]
2008-02-22 06:39:20 paged_title() [academic productivity] [ - Part 2]
2008-02-22 06:50:36 paged_title() [academic productivity] [ - Part 2]
2008-02-22 07:29:24 paged_title() [academic productivity] [ - Part 2]
2008-02-22 11:20:11 paged_title() [academic productivity] [ - Part 2]
2008-02-22 12:06:52 paged_title() [academic productivity] [ - Part 2]
2008-02-22 12:06:57 paged_title() [academic productivity] [ - Part 2]
2008-02-22 12:13:20 paged_title() [jose | Academic Productivity] [ - Part 3]
2008-02-22 12:15:37 paged_title() [jose | Academic Productivity] [ - Part 3]
2008-02-22 13:06:33 paged_title() [academic productivity] [ - Part 2]
2008-02-22 13:18:32 paged_title() [jose | Academic Productivity] [ - Part 2]
2008-02-22 14:43:58 paged_title() [academic productivity] [ - Part 4]
2008-02-22 14:50:20 paged_title() [academic productivity] [ - Part 4]
2008-02-22 16:36:33 paged_title() [academic productivity] [ - Part 2]
2008-02-22 17:07:13 paged_title() [Writing | Academic Productivity] [ - Part 2]
2008-02-22 18:25:04 paged_title() [academic productivity] [ - Part 2]
2008-02-22 18:29:33 paged_title() [Resources | Academic Productivity] [ - Part 2]
2008-02-22 18:32:03 paged_title() [academic productivity] [ - Part 2]
2008-02-22 18:35:04 paged_title() [Writing | Academic Productivity] [ - Part 2]
2008-02-22 18:35:18 paged_title() [jose | Academic Productivity] [ - Part 2]
2008-02-22 18:36:33 paged_title() [Software | Academic Productivity] [ - Part 2]
2008-02-22 18:50:33 paged_title() [Time Management | Academic Productivity] [ - Part 2]
2008-02-22 20:36:24 paged_title() [academic productivity] [ - Part 3]
2008-02-23 01:20:25 paged_title() [academic productivity] [ - Part 2]
2008-02-23 02:59:35 paged_title() [academic productivity] [ - Part 2]
2008-02-23 02:59:48 paged_title() [academic productivity] [ - Part 2]
2008-02-23 03:25:33 paged_title() [academic productivity] [ - Part 2]
2008-02-23 04:18:29 paged_title() [academic productivity] [ - Part 4]
2008-02-23 05:44:53 paged_title() [academic productivity] [ - Part 2]
2008-02-23 05:48:08 paged_title() [academic productivity] [ - Part 3]
2008-02-23 06:44:03 paged_title() [academic productivity] [ - Part 2]
2008-02-23 07:22:43 paged_title() [Software | Academic Productivity] [ - Part 2]
2008-02-23 08:05:56 paged_title() [Software | Academic Productivity] [ - Part 2]
2008-02-23 08:20:15 paged_title() [jose | Academic Productivity] [ - Part 2]
2008-02-23 08:27:28 paged_title() [academic productivity] [ - Part 3]
2008-02-23 08:41:18 paged_title() [academic productivity] [ - Part 2]
2008-02-23 09:10:14 paged_title() [academic productivity] [ - Part 4]
2008-02-23 10:47:36 paged_title() [academic productivity] [ - Part 2]
2008-02-23 11:09:41 paged_title() [academic productivity] [ - Part 2]
2008-02-23 11:12:28 paged_title() [academic productivity] [ - Part 2]
2008-02-23 11:29:43 paged_title() [academic productivity] [ - Part 3]
2008-02-23 12:33:25 paged_title() [academic productivity] [ - Part 2]
2008-02-23 12:33:30 paged_title() [academic productivity] [ - Part 2]
2008-02-23 12:47:29 paged_title() [Software | Academic Productivity] [ - Part 2]
2008-02-23 12:51:40 paged_title() [academic productivity] [ - Part 2]
2008-02-23 14:34:08 paged_title() [academic productivity] [ - Part 2]
2008-02-23 15:44:45 paged_title() [Software | Academic Productivity] [ - Part 2]
2008-02-24 00:36:46 paged_title() [academic productivity] [ - Part 2]
2008-02-24 00:52:01 paged_title() [academic productivity] [ - Part 2]
2008-02-24 00:53:31 paged_title() [academic productivity] [ - Part 2]
2008-02-24 00:53:33 paged_title() [academic productivity] [ - Part 2]
2008-02-24 02:41:35 paged_title() [Writing | Academic Productivity] [ - Part 2]
2008-02-24 04:34:57 paged_title() [academic productivity] [ - Part 2]
2008-02-24 06:47:03 paged_title() [academic productivity] [ - Part 2]
2008-02-24 07:43:23 paged_title() [academic productivity] [ - Part 2]
2008-02-24 10:16:15 paged_title() [academic productivity] [ - Part 2]
2008-02-24 11:12:37 paged_title() [academic productivity] [ - Part 2]
2008-02-24 11:13:18 paged_title() [academic productivity] [ - Part 3]
2008-02-24 15:05:38 paged_title() [Software | Academic Productivity] [ - Part 2]
2008-02-24 15:32:39 paged_title() [academic productivity] [ - Part 2]
2008-02-24 18:02:38 paged_title() [Time Management | Academic Productivity] [ - Part 2]
2008-02-24 18:07:02 paged_title() [academic productivity] [ - Part 2]
2008-02-25 03:26:56 paged_title() [academic productivity] [ - Part 2]
2008-02-25 05:00:06 paged_title() [academic productivity] [ - Part 5]
2008-02-25 05:10:31 paged_title() [academic productivity] [ - Part 3]
2008-02-25 05:51:18 paged_title() [academic productivity] [ - Part 2]
2008-02-25 05:56:20 paged_title() [academic productivity] [ - Part 2]
2008-02-25 06:47:45 paged_title() [academic productivity] [ - Part 2]
2008-02-25 06:48:10 paged_title() [academic productivity] [ - Part 2]
2008-02-25 06:52:58 paged_title() [academic productivity] [ - Part 2]
2008-02-25 07:30:01 paged_title() [academic productivity] [ - Part 2]
2008-02-25 09:49:55 paged_title() [academic productivity] [ - Part 2]
2008-02-25 11:25:04 paged_title() [academic productivity] [ - Part 2]
2008-02-25 12:05:06 paged_title() [academic productivity] [ - Part 2]
2008-02-25 12:05:20 paged_title() [academic productivity] [ - Part 2]
2008-02-25 12:31:02 paged_title() [academic productivity] [ - Part 2]
2008-02-25 12:32:48 paged_title() [academic productivity] [ - Part 2]
2008-02-25 12:54:27 paged_title() [academic productivity] [ - Part 2]
2008-02-25 13:07:44 paged_title() [academic productivity] [ - Part 2]
2008-02-25 16:23:04 paged_title() [academic productivity] [ - Part 2]
2008-02-25 16:23:09 paged_title() [academic productivity] [ - Part 2]
2008-02-25 16:58:50 paged_title() [Time Management | Academic Productivity] [ - Part 2]
2008-02-25 17:02:34 paged_title() [Software | Academic Productivity] [ - Part 2]
2008-02-25 17:47:43 paged_title() [jose | Academic Productivity] [ - Part 2]
2008-02-25 20:14:25 paged_title() [academic productivity] [ - Part 2]
2008-02-25 22:57:44 paged_title() [academic productivity] [ - Part 2]
2008-02-25 23:55:27 paged_title() [2007 | Academic Productivity] [ - Part 2]
2008-02-26 00:06:18 paged_title() [Time Management | Academic Productivity] [ - Part 2]
2008-02-26 01:42:05 paged_title() [academic productivity] [ - Part 2]
2008-02-26 03:05:05 paged_title() [academic productivity] [ - Part 2]
2008-02-26 03:05:13 paged_title() [academic productivity] [ - Part 2]
2008-02-26 03:43:30 paged_title() [academic productivity] [ - Part 2]
2008-02-26 05:43:53 paged_title() [academic productivity] [ - Part 2]
2008-02-26 06:20:36 paged_title() [academic productivity] [ - Part 2]
2008-02-26 06:23:53 paged_title() [academic productivity] [ - Part 2]
2008-02-26 06:58:20 paged_title() [academic productivity] [ - Part 2]
2008-02-26 06:59:04 paged_title() [Time Management | Academic Productivity] [ - Part 2]
2008-02-26 07:27:16 paged_title() [academic productivity] [ - Part 4]
2008-02-26 08:35:23 paged_title() [academic productivity] [ - Part 2]
2008-02-26 08:55:08 paged_title() [academic productivity] [ - Part 2]
2008-02-26 10:34:00 paged_title() [academic productivity] [ - Part 2]
2008-02-26 10:37:04 paged_title() [academic productivity] [ - Part 2]
2008-02-26 10:37:11 paged_title() [academic productivity] [ - Part 2]
2008-02-26 11:46:50 paged_title() [academic productivity] [ - Part 2]
2008-02-26 12:13:22 paged_title() [academic productivity] [ - Part 2]
2008-02-26 12:13:37 paged_title() [academic productivity] [ - Part 2]
2008-02-26 12:49:11 paged_title() [academic productivity] [ - Part 2]
2008-02-26 13:38:31 paged_title() [academic productivity] [ - Part 3]
2008-02-26 13:41:15 paged_title() [academic productivity] [ - Part 2]
2008-02-26 15:26:53 paged_title() [academic productivity] [ - Part 2]
2008-02-26 15:42:50 paged_title() [academic productivity] [ - Part 2]
2008-02-26 15:42:54 paged_title() [academic productivity] [ - Part 2]
2008-02-26 16:24:16 paged_title() [Software | Academic Productivity] [ - Part 2]
2008-02-26 16:28:45 paged_title() [academic productivity] [ - Part 2]
2008-02-26 16:30:53 paged_title() [academic productivity] [ - Part 3]
2008-02-26 16:35:20 paged_title() [academic productivity] [ - Part 2]
2008-02-26 16:35:37 paged_title() [academic productivity] [ - Part 2]
2008-02-26 16:35:39 paged_title() [academic productivity] [ - Part 2]
2008-02-26 16:35:49 paged_title() [academic productivity] [ - Part 2]
2008-02-26 16:39:48 paged_title() [academic productivity] [ - Part 2]
2008-02-26 16:40:06 paged_title() [academic productivity] [ - Part 2]
2008-02-26 16:43:05 paged_title() [Time Management | Academic Productivity] [ - Part 2]
2008-02-26 17:14:06 paged_title() [academic productivity] [ - Part 4]
2008-02-26 17:16:05 paged_title() [academic productivity] [ - Part 2]
2008-02-26 17:19:51 paged_title() [academic productivity] [ - Part 5]
2008-02-26 17:41:02 paged_title() [academic productivity] [ - Part 4]
2008-02-26 17:41:09 paged_title() [academic productivity] [ - Part 5]
2008-02-26 19:10:53 paged_title() [academic productivity] [ - Part 2]
2008-02-26 19:29:29 paged_title() [academic productivity] [ - Part 2]
2008-02-26 21:02:00 paged_title() [academic productivity] [ - Part 2]
2008-02-26 22:16:47 paged_title() [academic productivity] [ - Part 2]
2008-02-26 22:16:48 paged_title() [academic productivity] [ - Part 2]
2008-02-27 00:09:06 paged_title() [Software | Academic Productivity] [ - Part 2]
2008-02-27 08:25:33 paged_title() [Writing | Academic Productivity] [ - Part 2]
2008-02-27 09:07:54 paged_title() [academic productivity] [ - Part 2]
2008-02-27 10:16:57 paged_title() [academic productivity] [ - Part 2]
2008-02-27 10:22:39 paged_title() [academic productivity] [ - Part 2]
2008-02-27 11:31:44 paged_title() [academic productivity] [ - Part 2]
2008-02-27 12:23:29 paged_title() [academic productivity] [ - Part 2]
2008-02-27 14:16:09 paged_title() [academic productivity] [ - Part 2]
2008-02-27 14:39:36 paged_title() [academic productivity] [ - Part 2]
2008-02-27 16:02:41 paged_title() [jose | Academic Productivity] [ - Part 3]
2008-02-27 17:32:39 paged_title() [academic productivity] [ - Part 2]
2008-02-27 17:53:59 paged_title() [academic productivity] [ - Part 2]
2008-02-27 20:23:31 paged_title() [academic productivity] [ - Part 2]
2008-02-27 23:11:41 paged_title() [academic productivity] [ - Part 2]
2008-02-28 01:47:07 paged_title() [academic productivity] [ - Part 2]
2008-02-28 07:58:50 paged_title() [academic productivity] [ - Part 2]
2008-02-28 07:58:54 paged_title() [academic productivity] [ - Part 2]
2008-02-28 07:59:05 paged_title() [academic productivity] [ - Part 2]
2008-02-28 11:53:22 paged_title() [academic productivity] [ - Part 2]
2008-02-28 12:30:08 paged_title() [Software | Academic Productivity] [ - Part 2]
2008-02-28 12:51:30 paged_title() [academic productivity] [ - Part 2]
2008-02-28 12:57:04 paged_title() [academic productivity] [ - Part 3]
2008-02-28 14:18:15 paged_title() [academic productivity] [ - Part 2]
2008-02-28 16:20:17 paged_title() [academic productivity] [ - Part 2]
2008-02-28 17:02:29 paged_title() [academic productivity] [ - Part 2]
2008-02-28 22:25:09 paged_title() [academic productivity] [ - Part 2]
2008-02-29 02:24:08 paged_title() [academic productivity] [ - Part 2]
2008-02-29 02:24:14 paged_title() [academic productivity] [ - Part 2]
2008-02-29 02:39:56 paged_title() [academic productivity] [ - Part 2]
2008-02-29 02:39:56 paged_title() [academic productivity] [ - Part 2]
2008-02-29 03:36:08 paged_title() [academic productivity] [ - Part 2]
2008-02-29 03:36:12 paged_title() [academic productivity] [ - Part 2]
2008-02-29 04:38:20 paged_title() [academic productivity] [ - Part 2]
2008-02-29 06:06:53 paged_title() [academic productivity] [ - Part 2]
2008-02-29 06:07:21 paged_title() [jose | Academic Productivity] [ - Part 2]
2008-02-29 06:29:48 paged_title() [Resources | Academic Productivity] [ - Part 2]
2008-02-29 06:43:57 paged_title() [Writing | Academic Productivity] [ - Part 2]
2008-02-29 06:59:04 paged_title() [2006 | Academic Productivity] [ - Part 2]
2008-02-29 07:06:31 paged_title() [Software | Academic Productivity] [ - Part 2]
2008-02-29 07:11:43 paged_title() [Resources | Academic Productivity] [ - Part 2]
2008-02-29 07:48:36 paged_title() [Time Management | Academic Productivity] [ - Part 2]
2008-02-29 08:32:50 paged_title() [Time Management | Academic Productivity] [ - Part 2]
2008-02-29 09:04:38 paged_title() [academic productivity] [ - Part 2]
2008-02-29 09:04:43 paged_title() [academic productivity] [ - Part 2]
2008-02-29 09:31:22 paged_title() [academic productivity] [ - Part 2]
2008-02-29 09:44:05 paged_title() [academic productivity] [ - Part 2]
2008-02-29 10:00:53 paged_title() [academic productivity] [ - Part 2]
2008-02-29 10:02:21 paged_title() [academic productivity] [ - Part 2]
2008-02-29 10:09:17 paged_title() [academic productivity] [ - Part 3]
2008-02-29 10:12:44 paged_title() [academic productivity] [ - Part 2]
2008-02-29 12:17:53 paged_title() [academic productivity] [ - Part 2]
2008-02-29 15:00:37 paged_title() [academic productivity] [ - Part 2]
2008-02-29 15:00:41 paged_title() [academic productivity] [ - Part 2]
2008-02-29 15:08:06 paged_title() [academic productivity] [ - Part 2]
2008-02-29 15:34:08 paged_title() [jose | Academic Productivity] [ - Part 2]
2008-02-29 17:09:48 paged_title() [academic productivity] [ - Part 2]
2008-02-29 19:44:35 paged_title() [academic productivity] [ - Part 2]
2008-02-29 19:45:33 paged_title() [academic productivity] [ - Part 2]
2008-02-29 23:08:23 paged_title() [academic productivity] [ - Part 2]
2008-02-29 23:08:29 paged_title() [jose | Academic Productivity] [ - Part 2]
2008-02-29 23:08:38 paged_title() [Time Management | Academic Productivity] [ - Part 2]
2008-02-29 23:09:54 paged_title() [Resources | Academic Productivity] [ - Part 2]
2008-03-01 03:03:34 paged_title() [academic productivity] [ - Part 2]
2008-03-01 06:51:01 paged_title() [academic productivity] [ - Part 2]
2008-03-01 09:53:17 paged_title() [Software | Academic Productivity] [ - Part 2]
2008-03-01 10:02:10 paged_title() [academic productivity] [ - Part 2]
2008-03-01 10:17:07 paged_title() [jose | Academic Productivity] [ - Part 2]
2008-03-01 10:25:05 paged_title() [academic productivity] [ - Part 3]
2008-03-01 10:41:00 paged_title() [academic productivity] [ - Part 4]
2008-03-01 11:34:58 paged_title() [academic productivity] [ - Part 2]
2008-03-01 11:35:01 paged_title() [academic productivity] [ - Part 2]
2008-03-01 12:13:44 paged_title() [jose | Academic Productivity] [ - Part 2]
2008-03-01 12:24:53 paged_title() [Resources | Academic Productivity] [ - Part 2]
2008-03-01 12:25:37 paged_title() [academic productivity] [ - Part 2]
2008-03-01 12:26:16 paged_title() [jose | Academic Productivity] [ - Part 2]
2008-03-01 12:26:47 paged_title() [Writing | Academic Productivity] [ - Part 2]
2008-03-01 12:26:48 paged_title() [academic productivity] [ - Part 3]
2008-03-01 12:27:49 paged_title() [jose | Academic Productivity] [ - Part 3]
2008-03-01 12:28:25 paged_title() [academic productivity] [ - Part 4]
2008-03-01 12:30:21 paged_title() [jose | Academic Productivity] [ - Part 4]
2008-03-01 12:30:51 paged_title() [academic productivity] [ - Part 5]
2008-03-01 12:32:47 paged_title() [Software | Academic Productivity] [ - Part 2]
2008-03-01 12:34:36 paged_title() [Time Management | Academic Productivity] [ - Part 2]
2008-03-01 12:40:35 paged_title() [Resources | Academic Productivity] [ - Part 2]
2008-03-01 12:45:53 paged_title() [Writing | Academic Productivity] [ - Part 2]
2008-03-01 13:17:01 paged_title() [Software | Academic Productivity] [ - Part 2]
2008-03-01 13:53:22 paged_title() [academic productivity] [ - Part 2]
2008-03-01 13:53:40 paged_title() [Time Management | Academic Productivity] [ - Part 2]
2008-03-01 14:08:04 paged_title() [academic productivity] [ - Part 3]
2008-03-01 14:20:11 paged_title() [academic productivity] [ - Part 4]
2008-03-01 17:12:12 paged_title() [academic productivity] [ - Part 2]
2008-03-01 20:54:09 paged_title() [Writing | Academic Productivity] [ - Part 2]
2008-03-01 20:54:13 paged_title() [Time Management | Academic Productivity] [ - Part 2]
2008-03-02 00:51:56 paged_title() [Writing | Academic Productivity] [ - Part 2]
2008-03-02 03:20:21 paged_title() [jose | Academic Productivity] [ - Part 2]
2008-03-02 07:12:47 paged_title() [jose | Academic Productivity] [ - Part 3]
2008-03-02 13:22:21 paged_title() [academic productivity] [ - Part 2]
2008-03-02 13:22:32 paged_title() [academic productivity] [ - Part 2]
2008-03-02 13:42:39 paged_title() [academic productivity] [ - Part 2]
2008-03-02 14:00:38 paged_title() [academic productivity] [ - Part 2]
2008-03-02 16:53:35 paged_title() [Software | Academic Productivity] [ - Part 2]
2008-03-02 19:00:49 paged_title() [academic productivity] [ - Part 2]
2008-03-02 20:51:30 paged_title() [jose | Academic Productivity] [ - Part 2]
2008-03-02 21:05:09 paged_title() [Resources | Academic Productivity] [ - Part 2]
2008-03-02 21:26:57 paged_title() [Software | Academic Productivity] [ - Part 2]
2008-03-02 22:07:52 paged_title() [Writing | Academic Productivity] [ - Part 2]
2008-03-02 22:50:52 paged_title() [Time Management | Academic Productivity] [ - Part 2]
2008-03-03 02:07:19 paged_title() [academic productivity] [ - Part 2]
2008-03-03 04:27:18 paged_title() [academic productivity] [ - Part 2]
2008-03-03 04:27:33 paged_title() [academic productivity] [ - Part 2]
2008-03-03 05:21:39 paged_title() [academic productivity] [ - Part 2]
2008-03-03 05:47:50 paged_title() [academic productivity] [ - Part 2]
2008-03-03 05:47:50 paged_title() [academic productivity] [ - Part 2]
2008-03-03 05:48:24 paged_title() [academic productivity] [ - Part 2]
2008-03-03 06:56:49 paged_title() [2006 | Academic Productivity] [ - Part 2]
2008-03-03 07:59:05 paged_title() [academic productivity] [ - Part 2]
2008-03-03 08:25:01 paged_title() [academic productivity] [ - Part 2]
2008-03-03 08:25:12 paged_title() [academic productivity] [ - Part 2]
2008-03-03 08:59:31 paged_title() [academic productivity] [ - Part 2]
2008-03-03 09:01:34 paged_title() [academic productivity] [ - Part 2]
2008-03-03 09:35:29 paged_title() [academic productivity] [ - Part 2]
2008-03-03 09:58:58 paged_title() [Resources | Academic Productivity] [ - Part 2]
2008-03-03 10:06:48 paged_title() [Time Management | Academic Productivity] [ - Part 2]
2008-03-03 12:14:04 paged_title() [academic productivity] [ - Part 2]
2008-03-03 12:59:08 paged_title() [academic productivity] [ - Part 2]
2008-03-03 13:49:59 paged_title() [academic productivity] [ - Part 2]
2008-03-03 15:12:31 paged_title() [academic productivity] [ - Part 2]
2008-03-03 16:35:12 paged_title() [academic productivity] [ - Part 2]
2008-03-03 16:35:25 paged_title() [academic productivity] [ - Part 2]
2008-03-03 19:02:43 paged_title() [academic productivity] [ - Part 2]
2008-03-03 20:31:31 paged_title() [academic productivity] [ - Part 2]
2008-03-03 21:23:21 paged_title() [academic productivity] [ - Part 3]
2008-03-03 22:18:43 paged_title() [academic productivity] [ - Part 2]
2008-03-04 02:05:45 paged_title() [academic productivity] [ - Part 2]
2008-03-04 02:10:11 paged_title() [academic productivity] [ - Part 2]
2008-03-04 02:34:59 paged_title() [academic productivity] [ - Part 2]
2008-03-04 03:53:55 paged_title() [academic productivity] [ - Part 2]
2008-03-04 03:53:59 paged_title() [academic productivity] [ - Part 2]
2008-03-04 05:34:38 paged_title() [Software | Academic Productivity] [ - Part 2]
2008-03-04 06:26:58 paged_title() [academic productivity] [ - Part 2]
2008-03-04 06:27:06 paged_title() [academic productivity] [ - Part 2]
2008-03-04 06:27:15 paged_title() [academic productivity] [ - Part 2]
2008-03-04 06:48:51 paged_title() [academic productivity] [ - Part 2]
2008-03-04 07:21:21 paged_title() [jose | Academic Productivity] [ - Part 2]
2008-03-04 07:27:15 paged_title() [Software | Academic Productivity] [ - Part 2]
2008-03-04 07:37:12 paged_title() [Time Management | Academic Productivity] [ - Part 2]
2008-03-04 08:16:33 paged_title() [Resources | Academic Productivity] [ - Part 2]
2008-03-04 08:22:33 paged_title() [Writing | Academic Productivity] [ - Part 2]
2008-03-04 08:42:30 paged_title() [Software | Academic Productivity] [ - Part 2]
2008-03-04 10:08:11 paged_title() [academic productivity] [ - Part 2]
2008-03-04 11:10:47 paged_title() [academic productivity] [ - Part 2]
2008-03-04 11:19:21 paged_title() [academic productivity] [ - Part 2]
2008-03-04 12:12:28 paged_title() [academic productivity] [ - Part 2]
2008-03-04 12:12:37 paged_title() [academic productivity] [ - Part 2]
2008-03-04 13:35:19 paged_title() [academic productivity] [ - Part 2]
2008-03-04 16:47:03 paged_title() [Time Management | Academic Productivity] [ - Part 2]
2008-03-04 16:58:43 paged_title() [academic productivity] [ - Part 2]
2008-03-04 19:11:07 paged_title() [academic productivity] [ - Part 2]
2008-03-04 20:11:21 paged_title() [academic productivity] [ - Part 2]
2008-03-04 23:14:13 paged_title() [jose | Academic Productivity] [ - Part 3]
2008-03-05 00:22:48 paged_title() [academic productivity] [ - Part 2]
2008-03-05 00:42:25 paged_title() [academic productivity] [ - Part 2]
2008-03-05 01:26:39 paged_title() [Writing | Academic Productivity] [ - Part 2]
2008-03-05 05:59:17 paged_title() [jose | Academic Productivity] [ - Part 2]
2008-03-05 05:59:47 paged_title() [jose | Academic Productivity] [ - Part 2]
2008-03-05 09:08:31 paged_title() [academic productivity] [ - Part 2]
2008-03-05 15:34:21 paged_title() [academic productivity] [ - Part 2]
2008-03-05 15:44:22 paged_title() [jose | Academic Productivity] [ - Part 2]
2008-03-05 15:48:59 paged_title() [Time Management | Academic Productivity] [ - Part 2]
2008-03-05 15:49:49 paged_title() [Resources | Academic Productivity] [ - Part 2]
2008-03-05 15:50:11 paged_title() [Writing | Academic Productivity] [ - Part 2]
2008-03-06 00:01:59 paged_title() [academic productivity] [ - Part 2]
2008-03-06 00:02:27 paged_title() [academic productivity] [ - Part 2]
2008-03-06 00:32:28 paged_title() [academic productivity] [ - Part 2]
2008-03-06 02:47:49 paged_title() [academic productivity] [ - Part 2]
2008-03-06 04:55:59 paged_title() [academic productivity] [ - Part 2]
2008-03-06 06:41:59 paged_title() [academic productivity] [ - Part 2]
2008-03-06 06:43:46 paged_title() [academic productivity] [ - Part 2]
2008-03-06 07:24:25 paged_title() [academic productivity] [ - Part 2]
2008-03-06 09:13:13 paged_title() [academic productivity] [ - Part 2]
2008-03-06 10:42:11 paged_title() [Writing | Academic Productivity] [ - Part 2]
2008-03-06 10:45:25 paged_title() [Writing | Academic Productivity] [ - Part 2]
2008-03-06 10:59:55 paged_title() [academic productivity] [ - Part 2]
2008-03-06 11:26:56 paged_title() [Time Management | Academic Productivity] [ - Part 2]
2008-03-06 11:52:39 paged_title() [Resources | Academic Productivity] [ - Part 2]
2008-03-06 16:18:44 paged_title() [jose | Academic Productivity] [ - Part 2]
2008-03-06 19:49:19 paged_title() [Time Management | Academic Productivity] [ - Part 2]
2008-03-06 19:49:34 paged_title() [Writing | Academic Productivity] [ - Part 2]
2008-03-06 19:49:45 paged_title() [academic productivity] [ - Part 3]
2008-03-06 20:14:03 paged_title() [academic productivity] [ - Part 2]
2008-03-07 06:39:55 paged_title() [Writing | Academic Productivity] [ - Part 2]
2008-03-07 07:48:20 paged_title() [Resources | Academic Productivity] [ - Part 2]
2008-03-07 08:39:44 paged_title() [Software | Academic Productivity] [ - Part 2]
2008-03-07 09:13:15 paged_title() [jose | Academic Productivity] [ - Part 2]
2008-03-07 09:31:21 paged_title() [Time Management | Academic Productivity] [ - Part 2]
2008-03-07 09:45:41 paged_title() [academic productivity] [ - Part 3]
2008-03-07 10:22:45 paged_title() [Resources | Academic Productivity] [ - Part 2]
2008-03-07 10:26:51 paged_title() [Writing | Academic Productivity] [ - Part 2]
2008-03-07 10:38:50 paged_title() [Software | Academic Productivity] [ - Part 2]
2008-03-07 10:55:21 paged_title() [jose | Academic Productivity] [ - Part 3]
2008-03-07 11:54:20 paged_title() [academic productivity] [ - Part 4]
2008-03-07 13:00:40 paged_title() [Software | Academic Productivity] [ - Part 2]
2008-03-08 06:02:36 paged_title() [academic productivity] [ - Part 2]
2008-03-08 07:53:37 paged_title() [academic productivity] [ - Part 2]
2008-03-08 09:24:12 paged_title() [Time Management | Academic Productivity] [ - Part 2]
2008-03-08 10:04:59 paged_title() [academic productivity] [ - Part 2]
2008-03-08 10:05:16 paged_title() [academic productivity] [ - Part 2]
2008-03-08 10:46:42 paged_title() [academic productivity] [ - Part 2]
2008-03-08 13:08:07 paged_title() [Productivity | Software] [ - Part 2]
2008-03-08 13:56:47 paged_title() [academic productivity] [ - Part 2]
2008-03-08 14:08:35 paged_title() [academic productivity] [ - Part 2]
2008-03-08 18:04:29 paged_title() [academic productivity] [ - Part 4]
2008-03-08 18:13:10 paged_title() [Productivity | Software] [ - Part 2]
2008-03-08 18:56:35 paged_title() [Productivity |   jose] [ - Part 2]
2008-03-08 19:22:38 paged_title() [academic productivity] [ - Part 3]
2008-03-09 03:41:26 paged_title() [academic productivity] [ - Part 2]
2008-03-09 04:18:54 paged_title() [academic productivity] [ - Part 3]
2008-03-09 04:22:13 paged_title() [academic productivity] [ - Part 2]
2008-03-09 05:11:47 paged_title() [academic productivity] [ - Part 4]
2008-03-09 06:27:49 paged_title() [academic productivity] [ - Part 2]
2008-03-09 11:47:42 paged_title() [academic productivity] [ - Part 2]
2008-03-09 13:20:58 paged_title() [Productivity |   2007] [ - Part 2]
2008-03-09 14:09:34 paged_title() [Productivity |   jose] [ - Part 3]
2008-03-09 17:15:10 paged_title() [Productivity |   jose] [ - Part 2]
2008-03-09 18:20:49 paged_title() [Productivity | Writing] [ - Part 2]
2008-03-09 20:56:04 paged_title() [academic productivity] [ - Part 2]
2008-03-09 21:00:09 paged_title() [academic productivity] [ - Part 2]
2008-03-09 23:51:44 paged_title() [academic productivity] [ - Part 2]
2008-03-10 00:18:21 paged_title() [Productivity |   jose] [ - Part 3]
2008-03-10 00:41:51 paged_title() [Productivity |   2006] [ - Part 2]
2008-03-10 04:32:42 paged_title() [academic productivity] [ - Part 2]
2008-03-10 04:35:43 paged_title() [Productivity |   jose] [ - Part 2]
2008-03-10 04:37:51 paged_title() [Productivity | Time Management] [ - Part 2]
2008-03-10 04:38:52 paged_title() [Productivity | Resources] [ - Part 2]
2008-03-10 04:39:11 paged_title() [Productivity | Writing] [ - Part 2]
2008-03-10 04:40:49 paged_title() [Productivity | Software] [ - Part 2]
2008-03-10 04:45:00 paged_title() [academic productivity] [ - Part 3]
2008-03-10 04:45:23 paged_title() [Productivity |   jose] [ - Part 3]
2008-03-10 06:46:45 paged_title() [academic productivity] [ - Part 3]
2008-03-10 07:53:50 paged_title() [academic productivity] [ - Part 2]
2008-03-10 07:53:57 paged_title() [academic productivity] [ - Part 2]
2008-03-10 11:49:03 paged_title() [academic productivity] [ - Part 2]
2008-03-10 12:56:05 paged_title() [academic productivity] [ - Part 2]
2008-03-10 13:37:54 paged_title() [academic productivity] [ - Part 4]
2008-03-10 15:02:37 paged_title() [academic productivity] [ - Part 2]
2008-03-10 19:07:58 paged_title() [academic productivity] [ - Part 2]
2008-03-10 19:08:16 paged_title() [academic productivity] [ - Part 2]
2008-03-10 20:16:19 paged_title() [academic productivity] [ - Part 4]
2008-03-10 22:34:58 paged_title() [Productivity |   jose] [ - Part 2]
2008-03-10 23:35:02 paged_title() [Productivity | Resources] [ - Part 2]
2008-03-10 23:38:00 paged_title() [Productivity | Software] [ - Part 2]
2008-03-10 23:40:10 paged_title() [Productivity | Writing] [ - Part 2]
2008-03-10 23:49:07 paged_title() [Productivity | Time Management] [ - Part 2]
2008-03-11 00:24:13 paged_title() [academic productivity] [ - Part 2]
2008-03-11 01:14:49 paged_title() [Productivity | Writing] [ - Part 2]
2008-03-11 05:19:23 paged_title() [Productivity |   jose] [ - Part 4]
2008-03-11 07:23:06 paged_title() [academic productivity] [ - Part 2]
2008-03-11 07:23:55 paged_title() [academic productivity] [ - Part 2]
2008-03-11 07:24:01 paged_title() [academic productivity] [ - Part 2]
2008-03-11 09:24:23 paged_title() [academic productivity] [ - Part 2]
2008-03-11 11:15:59 paged_title() [Productivity | Resources] [ - Part 2]
2008-03-11 11:36:32 paged_title() [Productivity | Time Management] [ - Part 2]
2008-03-11 20:50:57 paged_title() [Productivity | Writing] [ - Part 2]
2008-03-11 21:42:34 paged_title() [Productivity | Time Management] [ - Part 2]
2008-03-12 00:52:03 paged_title() [Productivity | Software] [ - Part 2]
2008-03-12 01:18:12 paged_title() [academic productivity] [ - Part 2]
2008-03-12 01:58:06 paged_title() [academic productivity] [ - Part 2]
2008-03-12 04:16:07 paged_title() [Productivity | Software] [ - Part 2]
2008-03-12 05:57:39 paged_title() [academic productivity] [ - Part 2]
2008-03-12 06:37:23 paged_title() [academic productivity] [ - Part 2]
2008-03-12 06:42:37 paged_title() [academic productivity] [ - Part 3]
2008-03-12 07:17:14 paged_title() [academic productivity] [ - Part 4]
2008-03-12 08:16:32 paged_title() [academic productivity] [ - Part 2]
2008-03-12 11:54:58 paged_title() [academic productivity] [ - Part 2]
2008-03-12 19:54:48 paged_title() [Productivity | Software] [ - Part 2]
2008-03-12 21:22:48 paged_title() [Productivity |   jose] [ - Part 3]
2008-03-13 09:08:35 paged_title() [academic productivity] [ - Part 5]
2008-03-13 09:22:09 paged_title() [academic productivity] [ - Part 2]
2008-03-13 09:22:09 paged_title() [academic productivity] [ - Part 2]
2008-03-13 10:56:51 paged_title() [Productivity | Software] [ - Part 2]
2008-03-13 13:14:19 paged_title() [academic productivity] [ - Part 2]
2008-03-13 13:14:22 paged_title() [academic productivity] [ - Part 2]
2008-03-13 14:01:49 paged_title() [academic productivity] [ - Part 3]
2008-03-13 17:12:44 paged_title() [Productivity |   jose] [ - Part 2]
2008-03-13 17:28:16 paged_title() [Productivity | Time Management] [ - Part 2]
2008-03-13 18:13:25 paged_title() [Productivity | Writing] [ - Part 2]
2008-03-13 18:18:38 paged_title() [Productivity | Resources] [ - Part 2]
2008-03-13 18:36:20 paged_title() [Productivity | Software] [ - Part 2]
2008-03-14 01:12:10 paged_title() [academic productivity] [ - Part 2]
2008-03-14 01:12:13 paged_title() [academic productivity] [ - Part 2]
2008-03-14 02:26:12 paged_title() [academic productivity] [ - Part 2]
2008-03-14 02:48:58 paged_title() [academic productivity] [ - Part 2]
2008-03-14 02:49:03 paged_title() [academic productivity] [ - Part 2]
2008-03-14 11:27:20 paged_title() [academic productivity] [ - Part 2]
2008-03-14 11:59:39 paged_title() [Productivity | Time Management] [ - Part 2]
2008-03-14 14:50:48 paged_title() [Productivity | Time Management] [ - Part 2]
2008-03-14 15:40:59 paged_title() [academic productivity] [ - Part 2]
2008-03-14 22:28:08 paged_title() [academic productivity] [ - Part 2]
2008-03-14 22:39:56 paged_title() [Productivity |   jose] [ - Part 2]
2008-03-14 23:48:28 paged_title() [academic productivity] [ - Part 2]
2008-03-15 01:07:07 paged_title() [Productivity | Software] [ - Part 2]
2008-03-15 05:11:50 paged_title() [Productivity |   jose] [ - Part 2]
2008-03-15 05:14:57 paged_title() [Productivity | Software] [ - Part 2]
2008-03-15 05:21:12 paged_title() [academic productivity] [ - Part 3]
2008-03-15 05:27:22 paged_title() [academic productivity] [ - Part 4]
2008-03-15 05:48:44 paged_title() [Productivity | Software] [ - Part 2]
2008-03-15 06:05:01 paged_title() [Productivity |   jose] [ - Part 2]
2008-03-15 06:28:53 paged_title() [Productivity | Time Management] [ - Part 2]
2008-03-15 06:48:18 paged_title() [Productivity | Software] [ - Part 2]
2008-03-15 06:52:34 paged_title() [Productivity | Software] [ - Part 2]
2008-03-15 07:13:07 paged_title() [Productivity | Resources] [ - Part 2]
2008-03-15 07:16:13 paged_title() [Productivity | Writing] [ - Part 2]
2008-03-15 07:17:35 paged_title() [academic productivity] [ - Part 2]
2008-03-15 07:17:48 paged_title() [academic productivity] [ - Part 2]
2008-03-15 07:27:13 paged_title() [Productivity |   2007] [ - Part 2]
2008-03-15 07:27:55 paged_title() [Productivity |   2007] [ - Part 3]
2008-03-15 07:35:34 paged_title() [Productivity | Software] [ - Part 2]
2008-03-15 09:37:55 paged_title() [Productivity | Software] [ - Part 2]
2008-03-15 12:27:51 paged_title() [academic productivity] [ - Part 2]
2008-03-15 21:19:56 paged_title() [Productivity | Writing] [ - Part 2]
2008-03-16 00:31:12 paged_title() [Productivity |   jose] [ - Part 4]
2008-03-16 02:39:05 paged_title() [Productivity | Software] [ - Part 2]
2008-03-16 07:15:20 paged_title() [academic productivity] [ - Part 2]
2008-03-16 09:35:08 paged_title() [academic productivity] [ - Part 2]
2008-03-16 09:35:17 paged_title() [academic productivity] [ - Part 2]
2008-03-16 14:39:52 paged_title() [Productivity | Time Management] [ - Part 2]
2008-03-16 16:20:57 paged_title() [Productivity |   jose] [ - Part 2]
2008-03-16 16:48:33 paged_title() [Productivity | Time Management] [ - Part 2]
2008-03-16 17:32:01 paged_title() [Productivity | Resources] [ - Part 2]
2008-03-16 17:38:04 paged_title() [Productivity | Writing] [ - Part 2]
2008-03-16 17:56:44 paged_title() [Productivity | Software] [ - Part 2]
2008-03-16 21:36:41 paged_title() [academic productivity] [ - Part 5]
2008-03-16 22:38:59 paged_title() [Productivity | Software] [ - Part 2]
2008-03-17 00:28:12 paged_title() [academic productivity] [ - Part 6]
2008-03-17 02:18:51 paged_title() [Productivity |   jose] [ - Part 2]
2008-03-17 05:23:29 paged_title() [academic productivity] [ - Part 2]
2008-03-17 05:26:46 paged_title() [Productivity | Resources] [ - Part 2]
